{"C:\\Users\\Adam\\Desktop\\GameBoilerplate\\packages\\shared\\src\\index.ts": {"path":"C:\\Users\\Adam\\Desktop\\GameBoilerplate\\packages\\shared\\src\\index.ts","statementMap":{"0":{"start":{"line":1,"column":0},"end":{"line":1,"column":9}},"1":{"start":{"line":4,"column":9},"end":{"line":1,"column":24}},"2":{"start":{"line":7,"column":0},"end":{"line":7,"column":25}},"3":{"start":{"line":17,"column":13},"end":{"line":17,"column":71}},"4":{"start":{"line":20,"column":13},"end":{"line":28,"column":3}},"5":{"start":{"line":32,"column":13},"end":{"line":37,"column":3}},"6":{"start":{"line":41,"column":13},"end":{"line":47,"column":3}},"7":{"start":{"line":51,"column":13},"end":{"line":58,"column":3}},"8":{"start":{"line":62,"column":13},"end":{"line":70,"column":3}}},"fnMap":{"0":{"name":"(anonymous_4)","decl":{"start":{"line":4,"column":9},"end":{"line":4,"column":10}},"loc":{"start":{"line":4,"column":9},"end":{"line":1,"column":24}}}},"branchMap":{},"s":{"0":1,"1":2,"2":1,"3":1,"4":1,"5":1,"6":1,"7":1,"8":1},"f":{"0":1},"b":{}}
,"C:\\Users\\Adam\\Desktop\\GameBoilerplate\\packages\\shared\\src\\engine\\ActionSystem.ts": {"path":"C:\\Users\\Adam\\Desktop\\GameBoilerplate\\packages\\shared\\src\\engine\\ActionSystem.ts","statementMap":{"0":{"start":{"line":1,"column":0},"end":{"line":1,"column":24}},"1":{"start":{"line":12,"column":9},"end":{"line":12,"column":31}},"2":{"start":{"line":13,"column":9},"end":{"line":13,"column":22}},"3":{"start":{"line":14,"column":9},"end":{"line":14,"column":24}},"4":{"start":{"line":15,"column":9},"end":{"line":15,"column":60}},"5":{"start":{"line":17,"column":10},"end":{"line":17,"column":72}},"6":{"start":{"line":20,"column":4},"end":{"line":20,"column":25}},"7":{"start":{"line":24,"column":4},"end":{"line":26,"column":5}},"8":{"start":{"line":25,"column":6},"end":{"line":25,"column":84}},"9":{"start":{"line":29,"column":4},"end":{"line":31,"column":5}},"10":{"start":{"line":30,"column":6},"end":{"line":30,"column":70}},"11":{"start":{"line":33,"column":4},"end":{"line":35,"column":5}},"12":{"start":{"line":34,"column":6},"end":{"line":34,"column":71}},"13":{"start":{"line":37,"column":4},"end":{"line":41,"column":7}},"14":{"start":{"line":43,"column":4},"end":{"line":43,"column":60}},"15":{"start":{"line":44,"column":4},"end":{"line":44,"column":69}},"16":{"start":{"line":48,"column":4},"end":{"line":51,"column":5}},"17":{"start":{"line":49,"column":6},"end":{"line":49,"column":50}},"18":{"start":{"line":50,"column":6},"end":{"line":50,"column":13}},"19":{"start":{"line":53,"column":4},"end":{"line":53,"column":30}},"20":{"start":{"line":54,"column":4},"end":{"line":54,"column":52}},"21":{"start":{"line":55,"column":4},"end":{"line":55,"column":54}},"22":{"start":{"line":59,"column":23},"end":{"line":59,"column":45}},"23":{"start":{"line":61,"column":4},"end":{"line":66,"column":5}},"24":{"start":{"line":62,"column":6},"end":{"line":65,"column":8}},"25":{"start":{"line":68,"column":4},"end":{"line":149,"column":5}},"26":{"start":{"line":70,"column":31},"end":{"line":70,"column":64}},"27":{"start":{"line":71,"column":6},"end":{"line":77,"column":7}},"28":{"start":{"line":72,"column":8},"end":{"line":76,"column":10}},"29":{"start":{"line":79,"column":28},"end":{"line":79,"column":49}},"30":{"start":{"line":82,"column":6},"end":{"line":93,"column":7}},"31":{"start":{"line":83,"column":28},"end":{"line":83,"column":55}},"32":{"start":{"line":84,"column":25},"end":{"line":84,"column":69}},"33":{"start":{"line":85,"column":33},"end":{"line":85,"column":61}},"34":{"start":{"line":87,"column":8},"end":{"line":92,"column":9}},"35":{"start":{"line":88,"column":10},"end":{"line":91,"column":12}},"36":{"start":{"line":96,"column":6},"end":{"line":104,"column":7}},"37":{"start":{"line":97,"column":24},"end":{"line":97,"column":74}},"38":{"start":{"line":98,"column":8},"end":{"line":103,"column":9}},"39":{"start":{"line":99,"column":10},"end":{"line":102,"column":12}},"40":{"start":{"line":107,"column":6},"end":{"line":109,"column":7}},"41":{"start":{"line":108,"column":8},"end":{"line":108,"column":72}},"42":{"start":{"line":112,"column":21},"end":{"line":112,"column":69}},"43":{"start":{"line":115,"column":6},"end":{"line":117,"column":7}},"44":{"start":{"line":116,"column":8},"end":{"line":116,"column":62}},"45":{"start":{"line":120,"column":6},"end":{"line":124,"column":7}},"46":{"start":{"line":121,"column":8},"end":{"line":123,"column":9}},"47":{"start":{"line":122,"column":10},"end":{"line":122,"column":51}},"48":{"start":{"line":127,"column":6},"end":{"line":132,"column":9}},"49":{"start":{"line":134,"column":6},"end":{"line":134,"column":20}},"50":{"start":{"line":137,"column":6},"end":{"line":137,"column":65}},"51":{"start":{"line":139,"column":6},"end":{"line":143,"column":9}},"52":{"start":{"line":145,"column":6},"end":{"line":148,"column":8}},"53":{"start":{"line":153,"column":4},"end":{"line":154,"column":61}},"54":{"start":{"line":154,"column":22},"end":{"line":154,"column":59}},"55":{"start":{"line":158,"column":4},"end":{"line":158,"column":34}},"56":{"start":{"line":163,"column":26},"end":{"line":163,"column":58}},"57":{"start":{"line":164,"column":4},"end":{"line":166,"column":5}},"58":{"start":{"line":165,"column":6},"end":{"line":165,"column":15}},"59":{"start":{"line":167,"column":4},"end":{"line":167,"column":46}},"60":{"start":{"line":171,"column":24},"end":{"line":171,"column":56}},"61":{"start":{"line":172,"column":4},"end":{"line":175,"column":5}},"62":{"start":{"line":173,"column":6},"end":{"line":173,"column":32}},"63":{"start":{"line":174,"column":6},"end":{"line":174,"column":54}},"64":{"start":{"line":176,"column":4},"end":{"line":176,"column":45}},"65":{"start":{"line":181,"column":4},"end":{"line":181,"column":40}},"66":{"start":{"line":185,"column":4},"end":{"line":185,"column":57}},"67":{"start":{"line":189,"column":23},"end":{"line":189,"column":51}},"68":{"start":{"line":190,"column":4},"end":{"line":192,"column":5}},"69":{"start":{"line":191,"column":6},"end":{"line":191,"column":15}},"70":{"start":{"line":194,"column":21},"end":{"line":194,"column":63}},"71":{"start":{"line":195,"column":29},"end":{"line":195,"column":51}},"72":{"start":{"line":197,"column":4},"end":{"line":197,"column":63}},"73":{"start":{"line":202,"column":36},"end":{"line":202,"column":38}},"74":{"start":{"line":205,"column":26},"end":{"line":209,"column":6}},"75":{"start":{"line":206,"column":19},"end":{"line":206,"column":43}},"76":{"start":{"line":207,"column":19},"end":{"line":207,"column":43}},"77":{"start":{"line":208,"column":6},"end":{"line":208,"column":59}},"78":{"start":{"line":211,"column":4},"end":{"line":219,"column":5}},"79":{"start":{"line":212,"column":21},"end":{"line":212,"column":87}},"80":{"start":{"line":213,"column":6},"end":{"line":213,"column":27}},"81":{"start":{"line":216,"column":6},"end":{"line":218,"column":7}},"82":{"start":{"line":217,"column":8},"end":{"line":217,"column":14}},"83":{"start":{"line":221,"column":4},"end":{"line":221,"column":19}},"84":{"start":{"line":11,"column":0},"end":{"line":11,"column":13}},"85":{"start":{"line":226,"column":13},"end":{"line":291,"column":2}}},"fnMap":{"0":{"name":"(anonymous_0)","decl":{"start":{"line":19,"column":2},"end":{"line":19,"column":14}},"loc":{"start":{"line":19,"column":33},"end":{"line":21,"column":3}}},"1":{"name":"(anonymous_1)","decl":{"start":{"line":23,"column":2},"end":{"line":23,"column":16}},"loc":{"start":{"line":23,"column":45},"end":{"line":45,"column":3}}},"2":{"name":"(anonymous_2)","decl":{"start":{"line":47,"column":2},"end":{"line":47,"column":18}},"loc":{"start":{"line":47,"column":31},"end":{"line":56,"column":3}}},"3":{"name":"(anonymous_3)","decl":{"start":{"line":58,"column":2},"end":{"line":58,"column":7}},"loc":{"start":{"line":58,"column":69},"end":{"line":150,"column":3}}},"4":{"name":"(anonymous_4)","decl":{"start":{"line":152,"column":2},"end":{"line":152,"column":12}},"loc":{"start":{"line":152,"column":12},"end":{"line":155,"column":3}}},"5":{"name":"(anonymous_5)","decl":{"start":{"line":154,"column":12},"end":{"line":154,"column":13}},"loc":{"start":{"line":154,"column":22},"end":{"line":154,"column":59}}},"6":{"name":"(anonymous_6)","decl":{"start":{"line":157,"column":2},"end":{"line":157,"column":11}},"loc":{"start":{"line":157,"column":24},"end":{"line":159,"column":3}}},"7":{"name":"(anonymous_7)","decl":{"start":{"line":162,"column":10},"end":{"line":162,"column":27}},"loc":{"start":{"line":162,"column":62},"end":{"line":168,"column":3}}},"8":{"name":"(anonymous_8)","decl":{"start":{"line":170,"column":10},"end":{"line":170,"column":27}},"loc":{"start":{"line":170,"column":81},"end":{"line":177,"column":3}}},"9":{"name":"(anonymous_9)","decl":{"start":{"line":180,"column":2},"end":{"line":180,"column":20}},"loc":{"start":{"line":180,"column":35},"end":{"line":182,"column":3}}},"10":{"name":"(anonymous_10)","decl":{"start":{"line":184,"column":2},"end":{"line":184,"column":18}},"loc":{"start":{"line":184,"column":33},"end":{"line":186,"column":3}}},"11":{"name":"(anonymous_11)","decl":{"start":{"line":188,"column":2},"end":{"line":188,"column":22}},"loc":{"start":{"line":188,"column":78},"end":{"line":198,"column":3}}},"12":{"name":"(anonymous_12)","decl":{"start":{"line":201,"column":2},"end":{"line":201,"column":7}},"loc":{"start":{"line":201,"column":90},"end":{"line":222,"column":3}}},"13":{"name":"(anonymous_13)","decl":{"start":{"line":205,"column":39},"end":{"line":205,"column":40}},"loc":{"start":{"line":205,"column":48},"end":{"line":209,"column":5}}}},"branchMap":{"0":{"loc":{"start":{"line":24,"column":4},"end":{"line":26,"column":5}},"type":"if","locations":[{"start":{"line":24,"column":4},"end":{"line":26,"column":5}},{"start":{},"end":{}}]},"1":{"loc":{"start":{"line":29,"column":4},"end":{"line":31,"column":5}},"type":"if","locations":[{"start":{"line":29,"column":4},"end":{"line":31,"column":5}},{"start":{},"end":{}}]},"2":{"loc":{"start":{"line":33,"column":4},"end":{"line":35,"column":5}},"type":"if","locations":[{"start":{"line":33,"column":4},"end":{"line":35,"column":5}},{"start":{},"end":{}}]},"3":{"loc":{"start":{"line":48,"column":4},"end":{"line":51,"column":5}},"type":"if","locations":[{"start":{"line":48,"column":4},"end":{"line":51,"column":5}},{"start":{},"end":{}}]},"4":{"loc":{"start":{"line":61,"column":4},"end":{"line":66,"column":5}},"type":"if","locations":[{"start":{"line":61,"column":4},"end":{"line":66,"column":5}},{"start":{},"end":{}}]},"5":{"loc":{"start":{"line":71,"column":6},"end":{"line":77,"column":7}},"type":"if","locations":[{"start":{"line":71,"column":6},"end":{"line":77,"column":7}},{"start":{},"end":{}}]},"6":{"loc":{"start":{"line":82,"column":6},"end":{"line":93,"column":7}},"type":"if","locations":[{"start":{"line":82,"column":6},"end":{"line":93,"column":7}},{"start":{},"end":{}}]},"7":{"loc":{"start":{"line":82,"column":10},"end":{"line":82,"column":56}},"type":"binary-expr","locations":[{"start":{"line":82,"column":10},"end":{"line":82,"column":29}},{"start":{"line":82,"column":33},"end":{"line":82,"column":56}}]},"8":{"loc":{"start":{"line":87,"column":8},"end":{"line":92,"column":9}},"type":"if","locations":[{"start":{"line":87,"column":8},"end":{"line":92,"column":9}},{"start":{},"end":{}}]},"9":{"loc":{"start":{"line":96,"column":6},"end":{"line":104,"column":7}},"type":"if","locations":[{"start":{"line":96,"column":6},"end":{"line":104,"column":7}},{"start":{},"end":{}}]},"10":{"loc":{"start":{"line":98,"column":8},"end":{"line":103,"column":9}},"type":"if","locations":[{"start":{"line":98,"column":8},"end":{"line":103,"column":9}},{"start":{},"end":{}}]},"11":{"loc":{"start":{"line":107,"column":6},"end":{"line":109,"column":7}},"type":"if","locations":[{"start":{"line":107,"column":6},"end":{"line":109,"column":7}},{"start":{},"end":{}}]},"12":{"loc":{"start":{"line":107,"column":10},"end":{"line":107,"column":56}},"type":"binary-expr","locations":[{"start":{"line":107,"column":10},"end":{"line":107,"column":29}},{"start":{"line":107,"column":33},"end":{"line":107,"column":56}}]},"13":{"loc":{"start":{"line":115,"column":6},"end":{"line":117,"column":7}},"type":"if","locations":[{"start":{"line":115,"column":6},"end":{"line":117,"column":7}},{"start":{},"end":{}}]},"14":{"loc":{"start":{"line":120,"column":6},"end":{"line":124,"column":7}},"type":"if","locations":[{"start":{"line":120,"column":6},"end":{"line":124,"column":7}},{"start":{},"end":{}}]},"15":{"loc":{"start":{"line":142,"column":15},"end":{"line":142,"column":71}},"type":"cond-expr","locations":[{"start":{"line":142,"column":40},"end":{"line":142,"column":53}},{"start":{"line":142,"column":56},"end":{"line":142,"column":71}}]},"16":{"loc":{"start":{"line":154,"column":23},"end":{"line":154,"column":38}},"type":"binary-expr","locations":[{"start":{"line":154,"column":23},"end":{"line":154,"column":33}},{"start":{"line":154,"column":37},"end":{"line":154,"column":38}}]},"17":{"loc":{"start":{"line":154,"column":43},"end":{"line":154,"column":58}},"type":"binary-expr","locations":[{"start":{"line":154,"column":43},"end":{"line":154,"column":53}},{"start":{"line":154,"column":57},"end":{"line":154,"column":58}}]},"18":{"loc":{"start":{"line":164,"column":4},"end":{"line":166,"column":5}},"type":"if","locations":[{"start":{"line":164,"column":4},"end":{"line":166,"column":5}},{"start":{},"end":{}}]},"19":{"loc":{"start":{"line":167,"column":11},"end":{"line":167,"column":45}},"type":"binary-expr","locations":[{"start":{"line":167,"column":11},"end":{"line":167,"column":40}},{"start":{"line":167,"column":44},"end":{"line":167,"column":45}}]},"20":{"loc":{"start":{"line":172,"column":4},"end":{"line":175,"column":5}},"type":"if","locations":[{"start":{"line":172,"column":4},"end":{"line":175,"column":5}},{"start":{},"end":{}}]},"21":{"loc":{"start":{"line":185,"column":11},"end":{"line":185,"column":56}},"type":"binary-expr","locations":[{"start":{"line":185,"column":11},"end":{"line":185,"column":43}},{"start":{"line":185,"column":47},"end":{"line":185,"column":56}}]},"22":{"loc":{"start":{"line":190,"column":4},"end":{"line":192,"column":5}},"type":"if","locations":[{"start":{"line":190,"column":4},"end":{"line":192,"column":5}},{"start":{},"end":{}}]},"23":{"loc":{"start":{"line":190,"column":8},"end":{"line":190,"column":43}},"type":"binary-expr","locations":[{"start":{"line":190,"column":8},"end":{"line":190,"column":19}},{"start":{"line":190,"column":23},"end":{"line":190,"column":43}}]},"24":{"loc":{"start":{"line":208,"column":14},"end":{"line":208,"column":33}},"type":"binary-expr","locations":[{"start":{"line":208,"column":14},"end":{"line":208,"column":28}},{"start":{"line":208,"column":32},"end":{"line":208,"column":33}}]},"25":{"loc":{"start":{"line":208,"column":38},"end":{"line":208,"column":57}},"type":"binary-expr","locations":[{"start":{"line":208,"column":38},"end":{"line":208,"column":52}},{"start":{"line":208,"column":56},"end":{"line":208,"column":57}}]},"26":{"loc":{"start":{"line":216,"column":6},"end":{"line":218,"column":7}},"type":"if","locations":[{"start":{"line":216,"column":6},"end":{"line":218,"column":7}},{"start":{},"end":{}}]},"27":{"loc":{"start":{"line":216,"column":10},"end":{"line":216,"column":74}},"type":"binary-expr","locations":[{"start":{"line":216,"column":10},"end":{"line":216,"column":25}},{"start":{"line":216,"column":29},"end":{"line":216,"column":74}}]}},"s":{"0":2,"1":20,"2":20,"3":20,"4":20,"5":20,"6":20,"7":27,"8":1,"9":27,"10":1,"11":26,"12":1,"13":25,"14":25,"15":25,"16":2,"17":1,"18":1,"19":1,"20":1,"21":1,"22":10,"23":10,"24":1,"25":9,"26":9,"27":9,"28":1,"29":8,"30":8,"31":6,"32":6,"33":6,"34":6,"35":1,"36":7,"37":0,"38":0,"39":0,"40":7,"41":5,"42":7,"43":6,"44":0,"45":6,"46":0,"47":0,"48":6,"49":6,"50":1,"51":1,"52":1,"53":1,"54":4,"55":2,"56":6,"57":6,"58":4,"59":2,"60":5,"61":5,"62":4,"63":4,"64":5,"65":0,"66":0,"67":0,"68":0,"69":0,"70":0,"71":0,"72":0,"73":0,"74":0,"75":0,"76":0,"77":0,"78":0,"79":0,"80":0,"81":0,"82":0,"83":0,"84":2,"85":2},"f":{"0":20,"1":27,"2":2,"3":10,"4":1,"5":4,"6":2,"7":6,"8":5,"9":0,"10":0,"11":0,"12":0,"13":0},"b":{"0":[1,26],"1":[1,26],"2":[1,25],"3":[1,1],"4":[1,9],"5":[1,8],"6":[6,2],"7":[8,6],"8":[1,5],"9":[0,7],"10":[0,0],"11":[5,2],"12":[7,5],"13":[0,6],"14":[0,6],"15":[1,0],"16":[4,0],"17":[4,0],"18":[4,2],"19":[2,0],"20":[4,1],"21":[0,0],"22":[0,0],"23":[0,0],"24":[0,0],"25":[0,0],"26":[0,0],"27":[0,0]}}
,"C:\\Users\\Adam\\Desktop\\GameBoilerplate\\packages\\shared\\src\\engine\\GameEngine.ts": {"path":"C:\\Users\\Adam\\Desktop\\GameBoilerplate\\packages\\shared\\src\\engine\\GameEngine.ts","statementMap":{"0":{"start":{"line":1,"column":0},"end":{"line":1,"column":38}},"1":{"start":{"line":22,"column":4},"end":{"line":22,"column":12}},"2":{"start":{"line":16,"column":9},"end":{"line":16,"column":36}},"3":{"start":{"line":19,"column":10},"end":{"line":19,"column":37}},"4":{"start":{"line":24,"column":4},"end":{"line":34,"column":6}},"5":{"start":{"line":36,"column":4},"end":{"line":43,"column":6}},"6":{"start":{"line":45,"column":4},"end":{"line":45,"column":59}},"7":{"start":{"line":49,"column":4},"end":{"line":49,"column":50}},"8":{"start":{"line":52,"column":20},"end":{"line":53,"column":46}},"9":{"start":{"line":53,"column":22},"end":{"line":53,"column":45}},"10":{"start":{"line":55,"column":4},"end":{"line":60,"column":5}},"11":{"start":{"line":56,"column":6},"end":{"line":59,"column":7}},"12":{"start":{"line":57,"column":8},"end":{"line":57,"column":32}},"13":{"start":{"line":58,"column":8},"end":{"line":58,"column":60}},"14":{"start":{"line":63,"column":4},"end":{"line":65,"column":7}},"15":{"start":{"line":64,"column":6},"end":{"line":64,"column":29}},"16":{"start":{"line":67,"column":4},"end":{"line":67,"column":36}},"17":{"start":{"line":68,"column":4},"end":{"line":68,"column":59}},"18":{"start":{"line":72,"column":4},"end":{"line":75,"column":5}},"19":{"start":{"line":73,"column":6},"end":{"line":73,"column":51}},"20":{"start":{"line":74,"column":6},"end":{"line":74,"column":13}},"21":{"start":{"line":77,"column":4},"end":{"line":77,"column":46}},"22":{"start":{"line":78,"column":4},"end":{"line":78,"column":26}},"23":{"start":{"line":79,"column":4},"end":{"line":79,"column":44}},"24":{"start":{"line":81,"column":4},"end":{"line":81,"column":28}},"25":{"start":{"line":82,"column":4},"end":{"line":82,"column":32}},"26":{"start":{"line":83,"column":4},"end":{"line":83,"column":41}},"27":{"start":{"line":87,"column":4},"end":{"line":90,"column":5}},"28":{"start":{"line":88,"column":6},"end":{"line":88,"column":47}},"29":{"start":{"line":89,"column":6},"end":{"line":89,"column":13}},"30":{"start":{"line":92,"column":4},"end":{"line":92,"column":46}},"31":{"start":{"line":93,"column":4},"end":{"line":93,"column":27}},"32":{"start":{"line":95,"column":4},"end":{"line":95,"column":27}},"33":{"start":{"line":98,"column":4},"end":{"line":102,"column":5}},"34":{"start":{"line":99,"column":6},"end":{"line":101,"column":7}},"35":{"start":{"line":100,"column":8},"end":{"line":100,"column":31}},"36":{"start":{"line":104,"column":4},"end":{"line":104,"column":32}},"37":{"start":{"line":105,"column":4},"end":{"line":105,"column":41}},"38":{"start":{"line":109,"column":4},"end":{"line":109,"column":32}},"39":{"start":{"line":109,"column":25},"end":{"line":109,"column":32}},"40":{"start":{"line":111,"column":4},"end":{"line":111,"column":41}},"41":{"start":{"line":112,"column":4},"end":{"line":112,"column":42}},"42":{"start":{"line":115,"column":20},"end":{"line":117,"column":46}},"43":{"start":{"line":116,"column":24},"end":{"line":116,"column":38}},"44":{"start":{"line":117,"column":22},"end":{"line":117,"column":45}},"45":{"start":{"line":119,"column":4},"end":{"line":128,"column":5}},"46":{"start":{"line":120,"column":6},"end":{"line":127,"column":7}},"47":{"start":{"line":121,"column":8},"end":{"line":123,"column":9}},"48":{"start":{"line":122,"column":10},"end":{"line":122,"column":57}},"49":{"start":{"line":125,"column":8},"end":{"line":125,"column":72}},"50":{"start":{"line":126,"column":8},"end":{"line":126,"column":66}},"51":{"start":{"line":130,"column":4},"end":{"line":130,"column":84}},"52":{"start":{"line":135,"column":4},"end":{"line":137,"column":5}},"53":{"start":{"line":136,"column":6},"end":{"line":136,"column":76}},"54":{"start":{"line":139,"column":4},"end":{"line":139,"column":52}},"55":{"start":{"line":140,"column":4},"end":{"line":140,"column":82}},"56":{"start":{"line":141,"column":4},"end":{"line":141,"column":38}},"57":{"start":{"line":145,"column":19},"end":{"line":145,"column":51}},"58":{"start":{"line":146,"column":4},"end":{"line":149,"column":5}},"59":{"start":{"line":147,"column":6},"end":{"line":147,"column":50}},"60":{"start":{"line":148,"column":6},"end":{"line":148,"column":13}},"61":{"start":{"line":151,"column":4},"end":{"line":155,"column":5}},"62":{"start":{"line":152,"column":6},"end":{"line":154,"column":9}},"63":{"start":{"line":153,"column":8},"end":{"line":153,"column":67}},"64":{"start":{"line":157,"column":4},"end":{"line":157,"column":40}},"65":{"start":{"line":158,"column":4},"end":{"line":158,"column":47}},"66":{"start":{"line":159,"column":4},"end":{"line":159,"column":42}},"67":{"start":{"line":163,"column":4},"end":{"line":163,"column":61}},"68":{"start":{"line":168,"column":4},"end":{"line":170,"column":5}},"69":{"start":{"line":169,"column":6},"end":{"line":169,"column":83}},"70":{"start":{"line":172,"column":4},"end":{"line":174,"column":5}},"71":{"start":{"line":173,"column":6},"end":{"line":173,"column":74}},"72":{"start":{"line":176,"column":4},"end":{"line":176,"column":51}},"73":{"start":{"line":177,"column":4},"end":{"line":177,"column":38}},"74":{"start":{"line":181,"column":19},"end":{"line":181,"column":50}},"75":{"start":{"line":182,"column":4},"end":{"line":185,"column":5}},"76":{"start":{"line":183,"column":6},"end":{"line":183,"column":48}},"77":{"start":{"line":184,"column":6},"end":{"line":184,"column":13}},"78":{"start":{"line":187,"column":4},"end":{"line":187,"column":39}},"79":{"start":{"line":188,"column":4},"end":{"line":188,"column":40}},"80":{"start":{"line":192,"column":4},"end":{"line":192,"column":43}},"81":{"start":{"line":196,"column":4},"end":{"line":197,"column":46}},"82":{"start":{"line":197,"column":24},"end":{"line":197,"column":44}},"83":{"start":{"line":202,"column":39},"end":{"line":207,"column":6}},"84":{"start":{"line":209,"column":4},"end":{"line":209,"column":40}},"85":{"start":{"line":214,"column":4},"end":{"line":221,"column":6}},"86":{"start":{"line":225,"column":4},"end":{"line":225,"column":30}},"87":{"start":{"line":229,"column":20},"end":{"line":229,"column":43}},"88":{"start":{"line":230,"column":4},"end":{"line":230,"column":35}},"89":{"start":{"line":231,"column":4},"end":{"line":231,"column":62}},"90":{"start":{"line":236,"column":4},"end":{"line":244,"column":6}},"91":{"start":{"line":14,"column":0},"end":{"line":14,"column":13}},"92":{"start":{"line":251,"column":9},"end":{"line":251,"column":31}},"93":{"start":{"line":252,"column":9},"end":{"line":252,"column":31}},"94":{"start":{"line":253,"column":9},"end":{"line":253,"column":31}},"95":{"start":{"line":255,"column":10},"end":{"line":255,"column":37}},"96":{"start":{"line":256,"column":10},"end":{"line":256,"column":31}},"97":{"start":{"line":257,"column":10},"end":{"line":257,"column":33}},"98":{"start":{"line":258,"column":10},"end":{"line":258,"column":36}},"99":{"start":{"line":259,"column":10},"end":{"line":259,"column":58}},"100":{"start":{"line":289,"column":10},"end":{"line":316,"column":4}},"101":{"start":{"line":290,"column":4},"end":{"line":290,"column":32}},"102":{"start":{"line":290,"column":25},"end":{"line":290,"column":32}},"103":{"start":{"line":292,"column":24},"end":{"line":292,"column":41}},"104":{"start":{"line":293,"column":4},"end":{"line":293,"column":58}},"105":{"start":{"line":294,"column":4},"end":{"line":294,"column":37}},"106":{"start":{"line":295,"column":4},"end":{"line":295,"column":32}},"107":{"start":{"line":298,"column":4},"end":{"line":298,"column":22}},"108":{"start":{"line":299,"column":4},"end":{"line":303,"column":5}},"109":{"start":{"line":300,"column":6},"end":{"line":300,"column":39}},"110":{"start":{"line":301,"column":6},"end":{"line":301,"column":26}},"111":{"start":{"line":302,"column":6},"end":{"line":302,"column":39}},"112":{"start":{"line":306,"column":4},"end":{"line":312,"column":5}},"113":{"start":{"line":307,"column":6},"end":{"line":311,"column":7}},"114":{"start":{"line":308,"column":8},"end":{"line":308,"column":33}},"115":{"start":{"line":310,"column":8},"end":{"line":310,"column":58}},"116":{"start":{"line":315,"column":4},"end":{"line":315,"column":61}},"117":{"start":{"line":263,"column":4},"end":{"line":263,"column":31}},"118":{"start":{"line":267,"column":4},"end":{"line":267,"column":31}},"119":{"start":{"line":267,"column":24},"end":{"line":267,"column":31}},"120":{"start":{"line":269,"column":4},"end":{"line":269,"column":26}},"121":{"start":{"line":270,"column":4},"end":{"line":270,"column":38}},"122":{"start":{"line":271,"column":4},"end":{"line":271,"column":39}},"123":{"start":{"line":272,"column":4},"end":{"line":272,"column":24}},"124":{"start":{"line":274,"column":4},"end":{"line":274,"column":16}},"125":{"start":{"line":278,"column":4},"end":{"line":278,"column":27}},"126":{"start":{"line":279,"column":4},"end":{"line":282,"column":5}},"127":{"start":{"line":280,"column":6},"end":{"line":280,"column":50}},"128":{"start":{"line":281,"column":6},"end":{"line":281,"column":40}},"129":{"start":{"line":286,"column":4},"end":{"line":286,"column":34}}},"fnMap":{"0":{"name":"(anonymous_0)","decl":{"start":{"line":21,"column":2},"end":{"line":21,"column":14}},"loc":{"start":{"line":21,"column":48},"end":{"line":46,"column":3}}},"1":{"name":"(anonymous_1)","decl":{"start":{"line":48,"column":2},"end":{"line":48,"column":7}},"loc":{"start":{"line":48,"column":12},"end":{"line":69,"column":3}}},"2":{"name":"(anonymous_2)","decl":{"start":{"line":53,"column":12},"end":{"line":53,"column":13}},"loc":{"start":{"line":53,"column":22},"end":{"line":53,"column":45}}},"3":{"name":"(anonymous_3)","decl":{"start":{"line":63,"column":27},"end":{"line":63,"column":28}},"loc":{"start":{"line":63,"column":49},"end":{"line":65,"column":5}}},"4":{"name":"(anonymous_4)","decl":{"start":{"line":71,"column":2},"end":{"line":71,"column":7}},"loc":{"start":{"line":71,"column":13},"end":{"line":84,"column":3}}},"5":{"name":"(anonymous_5)","decl":{"start":{"line":86,"column":2},"end":{"line":86,"column":7}},"loc":{"start":{"line":86,"column":12},"end":{"line":106,"column":3}}},"6":{"name":"(anonymous_6)","decl":{"start":{"line":108,"column":2},"end":{"line":108,"column":7}},"loc":{"start":{"line":108,"column":32},"end":{"line":131,"column":3}}},"7":{"name":"(anonymous_7)","decl":{"start":{"line":116,"column":14},"end":{"line":116,"column":20}},"loc":{"start":{"line":116,"column":24},"end":{"line":116,"column":38}}},"8":{"name":"(anonymous_8)","decl":{"start":{"line":117,"column":12},"end":{"line":117,"column":13}},"loc":{"start":{"line":117,"column":22},"end":{"line":117,"column":45}}},"9":{"name":"(anonymous_9)","decl":{"start":{"line":134,"column":2},"end":{"line":134,"column":11}},"loc":{"start":{"line":134,"column":26},"end":{"line":142,"column":3}}},"10":{"name":"(anonymous_10)","decl":{"start":{"line":144,"column":2},"end":{"line":144,"column":14}},"loc":{"start":{"line":144,"column":27},"end":{"line":160,"column":3}}},"11":{"name":"(anonymous_11)","decl":{"start":{"line":152,"column":29},"end":{"line":152,"column":34}},"loc":{"start":{"line":152,"column":37},"end":{"line":154,"column":7}}},"12":{"name":"(anonymous_12)","decl":{"start":{"line":162,"column":2},"end":{"line":162,"column":11}},"loc":{"start":{"line":162,"column":42},"end":{"line":164,"column":3}}},"13":{"name":"(anonymous_13)","decl":{"start":{"line":167,"column":2},"end":{"line":167,"column":11}},"loc":{"start":{"line":167,"column":30},"end":{"line":178,"column":3}}},"14":{"name":"(anonymous_14)","decl":{"start":{"line":180,"column":2},"end":{"line":180,"column":14}},"loc":{"start":{"line":180,"column":25},"end":{"line":189,"column":3}}},"15":{"name":"(anonymous_15)","decl":{"start":{"line":191,"column":2},"end":{"line":191,"column":11}},"loc":{"start":{"line":191,"column":22},"end":{"line":193,"column":3}}},"16":{"name":"(anonymous_16)","decl":{"start":{"line":195,"column":2},"end":{"line":195,"column":19}},"loc":{"start":{"line":195,"column":32},"end":{"line":198,"column":3}}},"17":{"name":"(anonymous_17)","decl":{"start":{"line":197,"column":14},"end":{"line":197,"column":20}},"loc":{"start":{"line":197,"column":24},"end":{"line":197,"column":44}}},"18":{"name":"(anonymous_18)","decl":{"start":{"line":201,"column":2},"end":{"line":201,"column":6}},"loc":{"start":{"line":201,"column":32},"end":{"line":210,"column":3}}},"19":{"name":"(anonymous_19)","decl":{"start":{"line":213,"column":2},"end":{"line":213,"column":14}},"loc":{"start":{"line":213,"column":69},"end":{"line":222,"column":3}}},"20":{"name":"(anonymous_20)","decl":{"start":{"line":224,"column":2},"end":{"line":224,"column":11}},"loc":{"start":{"line":224,"column":11},"end":{"line":226,"column":3}}},"21":{"name":"(anonymous_21)","decl":{"start":{"line":228,"column":2},"end":{"line":228,"column":13}},"loc":{"start":{"line":228,"column":26},"end":{"line":232,"column":3}}},"22":{"name":"(anonymous_22)","decl":{"start":{"line":235,"column":2},"end":{"line":235,"column":10}},"loc":{"start":{"line":235,"column":10},"end":{"line":245,"column":3}}},"23":{"name":"(anonymous_23)","decl":{"start":{"line":262,"column":2},"end":{"line":262,"column":14}},"loc":{"start":{"line":262,"column":36},"end":{"line":264,"column":3}}},"24":{"name":"(anonymous_24)","decl":{"start":{"line":289,"column":17},"end":{"line":289,"column":26}},"loc":{"start":{"line":289,"column":28},"end":{"line":316,"column":3}}},"25":{"name":"(anonymous_25)","decl":{"start":{"line":266,"column":2},"end":{"line":266,"column":7}},"loc":{"start":{"line":266,"column":7},"end":{"line":275,"column":3}}},"26":{"name":"(anonymous_26)","decl":{"start":{"line":277,"column":2},"end":{"line":277,"column":6}},"loc":{"start":{"line":277,"column":6},"end":{"line":283,"column":3}}},"27":{"name":"(anonymous_27)","decl":{"start":{"line":285,"column":2},"end":{"line":285,"column":8}},"loc":{"start":{"line":285,"column":46},"end":{"line":287,"column":3}}}},"branchMap":{"0":{"loc":{"start":{"line":21,"column":14},"end":{"line":21,"column":48}},"type":"default-arg","locations":[{"start":{"line":21,"column":46},"end":{"line":21,"column":48}}]},"1":{"loc":{"start":{"line":56,"column":6},"end":{"line":59,"column":7}},"type":"if","locations":[{"start":{"line":56,"column":6},"end":{"line":59,"column":7}},{"start":{},"end":{}}]},"2":{"loc":{"start":{"line":72,"column":4},"end":{"line":75,"column":5}},"type":"if","locations":[{"start":{"line":72,"column":4},"end":{"line":75,"column":5}},{"start":{},"end":{}}]},"3":{"loc":{"start":{"line":87,"column":4},"end":{"line":90,"column":5}},"type":"if","locations":[{"start":{"line":87,"column":4},"end":{"line":90,"column":5}},{"start":{},"end":{}}]},"4":{"loc":{"start":{"line":99,"column":6},"end":{"line":101,"column":7}},"type":"if","locations":[{"start":{"line":99,"column":6},"end":{"line":101,"column":7}},{"start":{},"end":{}}]},"5":{"loc":{"start":{"line":109,"column":4},"end":{"line":109,"column":32}},"type":"if","locations":[{"start":{"line":109,"column":4},"end":{"line":109,"column":32}},{"start":{},"end":{}}]},"6":{"loc":{"start":{"line":121,"column":8},"end":{"line":123,"column":9}},"type":"if","locations":[{"start":{"line":121,"column":8},"end":{"line":123,"column":9}},{"start":{},"end":{}}]},"7":{"loc":{"start":{"line":135,"column":4},"end":{"line":137,"column":5}},"type":"if","locations":[{"start":{"line":135,"column":4},"end":{"line":137,"column":5}},{"start":{},"end":{}}]},"8":{"loc":{"start":{"line":146,"column":4},"end":{"line":149,"column":5}},"type":"if","locations":[{"start":{"line":146,"column":4},"end":{"line":149,"column":5}},{"start":{},"end":{}}]},"9":{"loc":{"start":{"line":151,"column":4},"end":{"line":155,"column":5}},"type":"if","locations":[{"start":{"line":151,"column":4},"end":{"line":155,"column":5}},{"start":{},"end":{}}]},"10":{"loc":{"start":{"line":168,"column":4},"end":{"line":170,"column":5}},"type":"if","locations":[{"start":{"line":168,"column":4},"end":{"line":170,"column":5}},{"start":{},"end":{}}]},"11":{"loc":{"start":{"line":172,"column":4},"end":{"line":174,"column":5}},"type":"if","locations":[{"start":{"line":172,"column":4},"end":{"line":174,"column":5}},{"start":{},"end":{}}]},"12":{"loc":{"start":{"line":182,"column":4},"end":{"line":185,"column":5}},"type":"if","locations":[{"start":{"line":182,"column":4},"end":{"line":185,"column":5}},{"start":{},"end":{}}]},"13":{"loc":{"start":{"line":213,"column":29},"end":{"line":213,"column":69}},"type":"default-arg","locations":[{"start":{"line":213,"column":49},"end":{"line":213,"column":69}}]},"14":{"loc":{"start":{"line":243,"column":14},"end":{"line":243,"column":69}},"type":"cond-expr","locations":[{"start":{"line":243,"column":36},"end":{"line":243,"column":57}},{"start":{"line":243,"column":60},"end":{"line":243,"column":69}}]},"15":{"loc":{"start":{"line":262,"column":14},"end":{"line":262,"column":36}},"type":"default-arg","locations":[{"start":{"line":262,"column":34},"end":{"line":262,"column":36}}]},"16":{"loc":{"start":{"line":290,"column":4},"end":{"line":290,"column":32}},"type":"if","locations":[{"start":{"line":290,"column":4},"end":{"line":290,"column":32}},{"start":{},"end":{}}]},"17":{"loc":{"start":{"line":299,"column":4},"end":{"line":303,"column":5}},"type":"if","locations":[{"start":{"line":299,"column":4},"end":{"line":303,"column":5}},{"start":{},"end":{}}]},"18":{"loc":{"start":{"line":267,"column":4},"end":{"line":267,"column":31}},"type":"if","locations":[{"start":{"line":267,"column":4},"end":{"line":267,"column":31}},{"start":{},"end":{}}]},"19":{"loc":{"start":{"line":279,"column":4},"end":{"line":282,"column":5}},"type":"if","locations":[{"start":{"line":279,"column":4},"end":{"line":282,"column":5}},{"start":{},"end":{}}]}},"s":{"0":3,"1":43,"2":43,"3":43,"4":43,"5":43,"6":43,"7":38,"8":38,"9":0,"10":38,"11":0,"12":0,"13":0,"14":38,"15":7,"16":38,"17":38,"18":5,"19":1,"20":1,"21":4,"22":4,"23":4,"24":4,"25":4,"26":4,"27":5,"28":1,"29":1,"30":4,"31":4,"32":4,"33":4,"34":0,"35":0,"36":4,"37":4,"38":7,"39":0,"40":7,"41":7,"42":7,"43":0,"44":0,"45":7,"46":0,"47":0,"48":0,"49":0,"50":0,"51":7,"52":7,"53":1,"54":7,"55":7,"56":7,"57":2,"58":2,"59":0,"60":0,"61":2,"62":1,"63":0,"64":2,"65":2,"66":2,"67":5,"68":11,"69":1,"70":10,"71":0,"72":10,"73":10,"74":3,"75":3,"76":1,"77":1,"78":2,"79":2,"80":5,"81":3,"82":9,"83":107,"84":107,"85":0,"86":0,"87":0,"88":0,"89":0,"90":0,"91":3,"92":43,"93":43,"94":43,"95":43,"96":43,"97":43,"98":43,"99":43,"100":43,"101":6,"102":0,"103":6,"104":6,"105":6,"106":6,"107":6,"108":6,"109":0,"110":0,"111":0,"112":6,"113":7,"114":7,"115":0,"116":6,"117":43,"118":4,"119":0,"120":4,"121":4,"122":4,"123":4,"124":4,"125":4,"126":4,"127":4,"128":4,"129":38},"f":{"0":43,"1":38,"2":0,"3":7,"4":5,"5":5,"6":7,"7":0,"8":0,"9":7,"10":2,"11":0,"12":5,"13":11,"14":3,"15":5,"16":3,"17":9,"18":107,"19":0,"20":0,"21":0,"22":0,"23":43,"24":6,"25":4,"26":4,"27":38},"b":{"0":[41],"1":[0,0],"2":[1,4],"3":[1,4],"4":[0,0],"5":[0,7],"6":[0,0],"7":[1,6],"8":[0,2],"9":[1,1],"10":[1,10],"11":[0,10],"12":[1,2],"13":[0],"14":[0,0],"15":[0],"16":[0,6],"17":[0,6],"18":[0,4],"19":[4,0]}}
,"C:\\Users\\Adam\\Desktop\\GameBoilerplate\\packages\\shared\\src\\engine\\PluginSystem.ts": {"path":"C:\\Users\\Adam\\Desktop\\GameBoilerplate\\packages\\shared\\src\\engine\\PluginSystem.ts","statementMap":{"0":{"start":{"line":11,"column":10},"end":{"line":11,"column":55}},"1":{"start":{"line":12,"column":10},"end":{"line":12,"column":71}},"2":{"start":{"line":15,"column":4},"end":{"line":15,"column":25}},"3":{"start":{"line":19,"column":4},"end":{"line":19,"column":75}},"4":{"start":{"line":22,"column":4},"end":{"line":32,"column":5}},"5":{"start":{"line":23,"column":6},"end":{"line":31,"column":7}},"6":{"start":{"line":24,"column":8},"end":{"line":26,"column":9}},"7":{"start":{"line":25,"column":10},"end":{"line":25,"column":65}},"8":{"start":{"line":28,"column":8},"end":{"line":30,"column":9}},"9":{"start":{"line":29,"column":10},"end":{"line":29,"column":69}},"10":{"start":{"line":35,"column":4},"end":{"line":38,"column":5}},"11":{"start":{"line":36,"column":6},"end":{"line":36,"column":79}},"12":{"start":{"line":37,"column":6},"end":{"line":37,"column":46}},"13":{"start":{"line":40,"column":4},"end":{"line":56,"column":5}},"14":{"start":{"line":42,"column":6},"end":{"line":42,"column":40}},"15":{"start":{"line":44,"column":6},"end":{"line":44,"column":44}},"16":{"start":{"line":45,"column":6},"end":{"line":45,"column":54}},"17":{"start":{"line":47,"column":6},"end":{"line":47,"column":51}},"18":{"start":{"line":48,"column":6},"end":{"line":48,"column":56}},"19":{"start":{"line":51,"column":6},"end":{"line":51,"column":50}},"20":{"start":{"line":52,"column":6},"end":{"line":52,"column":58}},"21":{"start":{"line":54,"column":6},"end":{"line":54,"column":73}},"22":{"start":{"line":55,"column":6},"end":{"line":55,"column":18}},"23":{"start":{"line":60,"column":19},"end":{"line":60,"column":41}},"24":{"start":{"line":61,"column":4},"end":{"line":64,"column":5}},"25":{"start":{"line":62,"column":6},"end":{"line":62,"column":50}},"26":{"start":{"line":63,"column":6},"end":{"line":63,"column":13}},"27":{"start":{"line":66,"column":4},"end":{"line":66,"column":51}},"28":{"start":{"line":68,"column":4},"end":{"line":86,"column":5}},"29":{"start":{"line":70,"column":25},"end":{"line":70,"column":55}},"30":{"start":{"line":71,"column":6},"end":{"line":73,"column":7}},"31":{"start":{"line":72,"column":8},"end":{"line":72,"column":104}},"32":{"start":{"line":75,"column":6},"end":{"line":75,"column":42}},"33":{"start":{"line":77,"column":6},"end":{"line":77,"column":32}},"34":{"start":{"line":78,"column":6},"end":{"line":78,"column":37}},"35":{"start":{"line":80,"column":6},"end":{"line":80,"column":55}},"36":{"start":{"line":81,"column":6},"end":{"line":81,"column":51}},"37":{"start":{"line":84,"column":6},"end":{"line":84,"column":68}},"38":{"start":{"line":85,"column":6},"end":{"line":85,"column":18}},"39":{"start":{"line":90,"column":4},"end":{"line":90,"column":34}},"40":{"start":{"line":94,"column":4},"end":{"line":94,"column":45}},"41":{"start":{"line":98,"column":4},"end":{"line":98,"column":55}},"42":{"start":{"line":102,"column":33},"end":{"line":102,"column":35}},"43":{"start":{"line":104,"column":4},"end":{"line":108,"column":5}},"44":{"start":{"line":105,"column":6},"end":{"line":107,"column":7}},"45":{"start":{"line":106,"column":8},"end":{"line":106,"column":30}},"46":{"start":{"line":110,"column":4},"end":{"line":110,"column":22}},"47":{"start":{"line":115,"column":4},"end":{"line":127,"column":5}},"48":{"start":{"line":116,"column":21},"end":{"line":116,"column":45}},"49":{"start":{"line":116,"column":44},"end":{"line":116,"column":45}},"50":{"start":{"line":117,"column":21},"end":{"line":117,"column":45}},"51":{"start":{"line":119,"column":6},"end":{"line":121,"column":7}},"52":{"start":{"line":120,"column":8},"end":{"line":120,"column":67}},"53":{"start":{"line":123,"column":6},"end":{"line":123,"column":20}},"54":{"start":{"line":125,"column":6},"end":{"line":125,"column":74}},"55":{"start":{"line":126,"column":6},"end":{"line":126,"column":18}},"56":{"start":{"line":131,"column":4},"end":{"line":137,"column":6}},"57":{"start":{"line":9,"column":0},"end":{"line":9,"column":13}},"58":{"start":{"line":152,"column":4},"end":{"line":152,"column":29}},"59":{"start":{"line":156,"column":4},"end":{"line":156,"column":36}},"60":{"start":{"line":160,"column":25},"end":{"line":160,"column":57}},"61":{"start":{"line":161,"column":4},"end":{"line":163,"column":5}},"62":{"start":{"line":162,"column":7},"end":{"line":162,"column":51}},"63":{"start":{"line":167,"column":25},"end":{"line":167,"column":57}},"64":{"start":{"line":168,"column":4},"end":{"line":170,"column":5}},"65":{"start":{"line":169,"column":7},"end":{"line":169,"column":57}},"66":{"start":{"line":142,"column":0},"end":{"line":142,"column":22}},"67":{"start":{"line":176,"column":2},"end":{"line":176,"column":23}},"68":{"start":{"line":177,"column":2},"end":{"line":177,"column":20}},"69":{"start":{"line":180,"column":24},"end":{"line":180,"column":41}},"70":{"start":{"line":181,"column":4},"end":{"line":181,"column":40}},"71":{"start":{"line":183,"column":4},"end":{"line":183,"column":45}},"72":{"start":{"line":187,"column":4},"end":{"line":187,"column":45}},"73":{"start":{"line":188,"column":4},"end":{"line":188,"column":47}},"74":{"start":{"line":175,"column":0},"end":{"line":175,"column":13}},"75":{"start":{"line":193,"column":2},"end":{"line":193,"column":20}},"76":{"start":{"line":194,"column":2},"end":{"line":194,"column":20}},"77":{"start":{"line":197,"column":21},"end":{"line":197,"column":35}},"78":{"start":{"line":198,"column":4},"end":{"line":198,"column":37}},"79":{"start":{"line":200,"column":4},"end":{"line":200,"column":42}},"80":{"start":{"line":204,"column":4},"end":{"line":204,"column":42}},"81":{"start":{"line":205,"column":4},"end":{"line":205,"column":44}},"82":{"start":{"line":192,"column":0},"end":{"line":192,"column":13}},"83":{"start":{"line":210,"column":2},"end":{"line":210,"column":23}},"84":{"start":{"line":211,"column":2},"end":{"line":211,"column":20}},"85":{"start":{"line":214,"column":24},"end":{"line":214,"column":41}},"86":{"start":{"line":215,"column":4},"end":{"line":215,"column":40}},"87":{"start":{"line":217,"column":4},"end":{"line":217,"column":45}},"88":{"start":{"line":221,"column":4},"end":{"line":221,"column":45}},"89":{"start":{"line":222,"column":4},"end":{"line":222,"column":47}},"90":{"start":{"line":209,"column":0},"end":{"line":209,"column":13}},"91":{"start":{"line":228,"column":2},"end":{"line":228,"column":23}},"92":{"start":{"line":229,"column":2},"end":{"line":229,"column":18}},"93":{"start":{"line":230,"column":2},"end":{"line":230,"column":17}},"94":{"start":{"line":234,"column":4},"end":{"line":236,"column":5}},"95":{"start":{"line":235,"column":6},"end":{"line":235,"column":52}},"96":{"start":{"line":241,"column":4},"end":{"line":241,"column":94}},"97":{"start":{"line":246,"column":2},"end":{"line":246,"column":20}},"98":{"start":{"line":247,"column":2},"end":{"line":247,"column":16}},"99":{"start":{"line":248,"column":2},"end":{"line":248,"column":17}},"100":{"start":{"line":252,"column":4},"end":{"line":256,"column":5}},"101":{"start":{"line":253,"column":6},"end":{"line":255,"column":7}},"102":{"start":{"line":254,"column":8},"end":{"line":254,"column":58}},"103":{"start":{"line":260,"column":19},"end":{"line":260,"column":39}},"104":{"start":{"line":262,"column":4},"end":{"line":272,"column":5}},"105":{"start":{"line":264,"column":8},"end":{"line":264,"column":62}},"106":{"start":{"line":265,"column":8},"end":{"line":265,"column":14}},"107":{"start":{"line":267,"column":8},"end":{"line":267,"column":59}},"108":{"start":{"line":268,"column":8},"end":{"line":268,"column":14}},"109":{"start":{"line":270,"column":8},"end":{"line":270,"column":58}},"110":{"start":{"line":271,"column":8},"end":{"line":271,"column":14}},"111":{"start":{"line":277,"column":20},"end":{"line":278,"column":46}},"112":{"start":{"line":278,"column":26},"end":{"line":278,"column":45}},"113":{"start":{"line":280,"column":4},"end":{"line":294,"column":5}},"114":{"start":{"line":281,"column":28},"end":{"line":281,"column":45}},"115":{"start":{"line":282,"column":24},"end":{"line":285,"column":8}},"116":{"start":{"line":288,"column":21},"end":{"line":288,"column":85}},"117":{"start":{"line":289,"column":6},"end":{"line":293,"column":7}},"118":{"start":{"line":290,"column":22},"end":{"line":290,"column":50}},"119":{"start":{"line":291,"column":8},"end":{"line":291,"column":72}},"120":{"start":{"line":292,"column":8},"end":{"line":292,"column":72}},"121":{"start":{"line":299,"column":4},"end":{"line":304,"column":5}},"122":{"start":{"line":300,"column":6},"end":{"line":303,"column":8}},"123":{"start":{"line":306,"column":20},"end":{"line":306,"column":45}},"124":{"start":{"line":308,"column":4},"end":{"line":312,"column":5}},"125":{"start":{"line":309,"column":6},"end":{"line":309,"column":54}},"126":{"start":{"line":310,"column":6},"end":{"line":310,"column":54}},"127":{"start":{"line":311,"column":6},"end":{"line":311,"column":70}},"128":{"start":{"line":314,"column":18},"end":{"line":314,"column":54}},"129":{"start":{"line":315,"column":4},"end":{"line":315,"column":65}},"130":{"start":{"line":316,"column":4},"end":{"line":316,"column":65}},"131":{"start":{"line":321,"column":4},"end":{"line":323,"column":5}},"132":{"start":{"line":322,"column":6},"end":{"line":322,"column":13}},"133":{"start":{"line":325,"column":4},"end":{"line":330,"column":5}},"134":{"start":{"line":326,"column":6},"end":{"line":329,"column":8}},"135":{"start":{"line":332,"column":25},"end":{"line":332,"column":55}},"136":{"start":{"line":333,"column":20},"end":{"line":333,"column":45}},"137":{"start":{"line":334,"column":24},"end":{"line":334,"column":61}},"138":{"start":{"line":337,"column":22},"end":{"line":340,"column":6}},"139":{"start":{"line":342,"column":21},"end":{"line":342,"column":85}},"140":{"start":{"line":344,"column":4},"end":{"line":357,"column":5}},"141":{"start":{"line":346,"column":6},"end":{"line":346,"column":51}},"142":{"start":{"line":348,"column":6},"end":{"line":351,"column":7}},"143":{"start":{"line":349,"column":8},"end":{"line":349,"column":32}},"144":{"start":{"line":350,"column":8},"end":{"line":350,"column":53}},"145":{"start":{"line":354,"column":20},"end":{"line":354,"column":48}},"146":{"start":{"line":355,"column":6},"end":{"line":355,"column":72}},"147":{"start":{"line":356,"column":6},"end":{"line":356,"column":72}},"148":{"start":{"line":362,"column":2},"end":{"line":362,"column":23}},"149":{"start":{"line":363,"column":2},"end":{"line":363,"column":16}},"150":{"start":{"line":364,"column":2},"end":{"line":364,"column":17}},"151":{"start":{"line":368,"column":4},"end":{"line":370,"column":5}},"152":{"start":{"line":369,"column":6},"end":{"line":369,"column":51}}},"fnMap":{"0":{"name":"(anonymous_9)","decl":{"start":{"line":14,"column":2},"end":{"line":14,"column":14}},"loc":{"start":{"line":14,"column":33},"end":{"line":16,"column":3}}},"1":{"name":"(anonymous_10)","decl":{"start":{"line":18,"column":2},"end":{"line":18,"column":7}},"loc":{"start":{"line":18,"column":40},"end":{"line":57,"column":3}}},"2":{"name":"(anonymous_11)","decl":{"start":{"line":59,"column":2},"end":{"line":59,"column":7}},"loc":{"start":{"line":59,"column":36},"end":{"line":87,"column":3}}},"3":{"name":"(anonymous_12)","decl":{"start":{"line":89,"column":2},"end":{"line":89,"column":11}},"loc":{"start":{"line":89,"column":24},"end":{"line":91,"column":3}}},"4":{"name":"(anonymous_13)","decl":{"start":{"line":93,"column":2},"end":{"line":93,"column":21}},"loc":{"start":{"line":93,"column":21},"end":{"line":95,"column":3}}},"5":{"name":"(anonymous_14)","decl":{"start":{"line":97,"column":2},"end":{"line":97,"column":19}},"loc":{"start":{"line":97,"column":32},"end":{"line":99,"column":3}}},"6":{"name":"(anonymous_15)","decl":{"start":{"line":101,"column":10},"end":{"line":101,"column":29}},"loc":{"start":{"line":101,"column":48},"end":{"line":111,"column":3}}},"7":{"name":"(anonymous_16)","decl":{"start":{"line":114,"column":2},"end":{"line":114,"column":7}},"loc":{"start":{"line":114,"column":47},"end":{"line":128,"column":3}}},"8":{"name":"(anonymous_17)","decl":{"start":{"line":116,"column":44},"end":{"line":116,"column":45}},"loc":{"start":{"line":116,"column":44},"end":{"line":116,"column":45}}},"9":{"name":"(anonymous_18)","decl":{"start":{"line":130,"column":10},"end":{"line":130,"column":23}},"loc":{"start":{"line":130,"column":35},"end":{"line":138,"column":3}}},"10":{"name":"(anonymous_19)","decl":{"start":{"line":151,"column":12},"end":{"line":151,"column":21}},"loc":{"start":{"line":151,"column":57},"end":{"line":153,"column":3}}},"11":{"name":"(anonymous_20)","decl":{"start":{"line":155,"column":12},"end":{"line":155,"column":24}},"loc":{"start":{"line":155,"column":64},"end":{"line":157,"column":3}}},"12":{"name":"(anonymous_21)","decl":{"start":{"line":159,"column":12},"end":{"line":159,"column":21}},"loc":{"start":{"line":159,"column":67},"end":{"line":164,"column":3}}},"13":{"name":"(anonymous_22)","decl":{"start":{"line":166,"column":12},"end":{"line":166,"column":24}},"loc":{"start":{"line":166,"column":64},"end":{"line":171,"column":3}}},"14":{"name":"(anonymous_23)","decl":{"start":{"line":175,"column":0},"end":{"line":175,"column":13}},"loc":{"start":{"line":175,"column":0},"end":{"line":190,"column":1}}},"15":{"name":"(anonymous_24)","decl":{"start":{"line":179,"column":2},"end":{"line":179,"column":7}},"loc":{"start":{"line":179,"column":35},"end":{"line":184,"column":3}}},"16":{"name":"(anonymous_25)","decl":{"start":{"line":186,"column":2},"end":{"line":186,"column":7}},"loc":{"start":{"line":186,"column":37},"end":{"line":189,"column":3}}},"17":{"name":"(anonymous_26)","decl":{"start":{"line":192,"column":0},"end":{"line":192,"column":13}},"loc":{"start":{"line":192,"column":0},"end":{"line":207,"column":1}}},"18":{"name":"(anonymous_27)","decl":{"start":{"line":196,"column":2},"end":{"line":196,"column":7}},"loc":{"start":{"line":196,"column":35},"end":{"line":201,"column":3}}},"19":{"name":"(anonymous_28)","decl":{"start":{"line":203,"column":2},"end":{"line":203,"column":7}},"loc":{"start":{"line":203,"column":37},"end":{"line":206,"column":3}}},"20":{"name":"(anonymous_29)","decl":{"start":{"line":209,"column":0},"end":{"line":209,"column":13}},"loc":{"start":{"line":209,"column":0},"end":{"line":224,"column":1}}},"21":{"name":"(anonymous_30)","decl":{"start":{"line":213,"column":2},"end":{"line":213,"column":7}},"loc":{"start":{"line":213,"column":35},"end":{"line":218,"column":3}}},"22":{"name":"(anonymous_31)","decl":{"start":{"line":220,"column":2},"end":{"line":220,"column":7}},"loc":{"start":{"line":220,"column":37},"end":{"line":223,"column":3}}},"23":{"name":"(anonymous_32)","decl":{"start":{"line":227,"column":0},"end":{"line":227,"column":6}},"loc":{"start":{"line":227,"column":0},"end":{"line":243,"column":1}}},"24":{"name":"(anonymous_33)","decl":{"start":{"line":232,"column":2},"end":{"line":232,"column":7}},"loc":{"start":{"line":232,"column":48},"end":{"line":237,"column":3}}},"25":{"name":"(anonymous_34)","decl":{"start":{"line":239,"column":10},"end":{"line":239,"column":28}},"loc":{"start":{"line":239,"column":62},"end":{"line":242,"column":3}}},"26":{"name":"(anonymous_35)","decl":{"start":{"line":245,"column":0},"end":{"line":245,"column":6}},"loc":{"start":{"line":245,"column":0},"end":{"line":359,"column":1}}},"27":{"name":"(anonymous_36)","decl":{"start":{"line":250,"column":2},"end":{"line":250,"column":7}},"loc":{"start":{"line":250,"column":48},"end":{"line":257,"column":3}}},"28":{"name":"(anonymous_37)","decl":{"start":{"line":259,"column":10},"end":{"line":259,"column":24}},"loc":{"start":{"line":259,"column":71},"end":{"line":273,"column":3}}},"29":{"name":"(anonymous_38)","decl":{"start":{"line":275,"column":10},"end":{"line":275,"column":28}},"loc":{"start":{"line":275,"column":75},"end":{"line":295,"column":3}}},"30":{"name":"(anonymous_39)","decl":{"start":{"line":278,"column":14},"end":{"line":278,"column":15}},"loc":{"start":{"line":278,"column":26},"end":{"line":278,"column":45}}},"31":{"name":"(anonymous_40)","decl":{"start":{"line":297,"column":10},"end":{"line":297,"column":25}},"loc":{"start":{"line":297,"column":72},"end":{"line":317,"column":3}}},"32":{"name":"(anonymous_41)","decl":{"start":{"line":319,"column":10},"end":{"line":319,"column":24}},"loc":{"start":{"line":319,"column":71},"end":{"line":358,"column":3}}},"33":{"name":"(anonymous_42)","decl":{"start":{"line":361,"column":0},"end":{"line":361,"column":6}},"loc":{"start":{"line":361,"column":0},"end":{"line":377,"column":1}}},"34":{"name":"(anonymous_43)","decl":{"start":{"line":366,"column":2},"end":{"line":366,"column":7}},"loc":{"start":{"line":366,"column":48},"end":{"line":371,"column":3}}},"35":{"name":"(anonymous_44)","decl":{"start":{"line":373,"column":10},"end":{"line":373,"column":27}},"loc":{"start":{"line":373,"column":61},"end":{"line":376,"column":3}}}},"branchMap":{"0":{"loc":{"start":{"line":22,"column":4},"end":{"line":32,"column":5}},"type":"if","locations":[{"start":{"line":22,"column":4},"end":{"line":32,"column":5}},{"start":{},"end":{}}]},"1":{"loc":{"start":{"line":24,"column":8},"end":{"line":26,"column":9}},"type":"if","locations":[{"start":{"line":24,"column":8},"end":{"line":26,"column":9}},{"start":{},"end":{}}]},"2":{"loc":{"start":{"line":28,"column":8},"end":{"line":30,"column":9}},"type":"if","locations":[{"start":{"line":28,"column":8},"end":{"line":30,"column":9}},{"start":{},"end":{}}]},"3":{"loc":{"start":{"line":35,"column":4},"end":{"line":38,"column":5}},"type":"if","locations":[{"start":{"line":35,"column":4},"end":{"line":38,"column":5}},{"start":{},"end":{}}]},"4":{"loc":{"start":{"line":61,"column":4},"end":{"line":64,"column":5}},"type":"if","locations":[{"start":{"line":61,"column":4},"end":{"line":64,"column":5}},{"start":{},"end":{}}]},"5":{"loc":{"start":{"line":71,"column":6},"end":{"line":73,"column":7}},"type":"if","locations":[{"start":{"line":71,"column":6},"end":{"line":73,"column":7}},{"start":{},"end":{}}]},"6":{"loc":{"start":{"line":105,"column":6},"end":{"line":107,"column":7}},"type":"if","locations":[{"start":{"line":105,"column":6},"end":{"line":107,"column":7}},{"start":{},"end":{}}]},"7":{"loc":{"start":{"line":117,"column":21},"end":{"line":117,"column":45}},"type":"binary-expr","locations":[{"start":{"line":117,"column":21},"end":{"line":117,"column":35}},{"start":{"line":117,"column":39},"end":{"line":117,"column":45}}]},"8":{"loc":{"start":{"line":119,"column":6},"end":{"line":121,"column":7}},"type":"if","locations":[{"start":{"line":119,"column":6},"end":{"line":121,"column":7}},{"start":{},"end":{}}]},"9":{"loc":{"start":{"line":132,"column":6},"end":{"line":136,"column":44}},"type":"binary-expr","locations":[{"start":{"line":132,"column":6},"end":{"line":132,"column":12}},{"start":{"line":133,"column":6},"end":{"line":133,"column":37}},{"start":{"line":134,"column":6},"end":{"line":134,"column":40}},{"start":{"line":135,"column":6},"end":{"line":135,"column":42}},{"start":{"line":136,"column":6},"end":{"line":136,"column":44}}]},"10":{"loc":{"start":{"line":161,"column":4},"end":{"line":163,"column":5}},"type":"if","locations":[{"start":{"line":161,"column":4},"end":{"line":163,"column":5}},{"start":{},"end":{}}]},"11":{"loc":{"start":{"line":161,"column":8},"end":{"line":161,"column":56}},"type":"binary-expr","locations":[{"start":{"line":161,"column":8},"end":{"line":161,"column":20}},{"start":{"line":161,"column":24},"end":{"line":161,"column":56}}]},"12":{"loc":{"start":{"line":168,"column":4},"end":{"line":170,"column":5}},"type":"if","locations":[{"start":{"line":168,"column":4},"end":{"line":170,"column":5}},{"start":{},"end":{}}]},"13":{"loc":{"start":{"line":168,"column":8},"end":{"line":168,"column":58}},"type":"binary-expr","locations":[{"start":{"line":168,"column":8},"end":{"line":168,"column":20}},{"start":{"line":168,"column":24},"end":{"line":168,"column":58}}]},"14":{"loc":{"start":{"line":234,"column":4},"end":{"line":236,"column":5}},"type":"if","locations":[{"start":{"line":234,"column":4},"end":{"line":236,"column":5}},{"start":{},"end":{}}]},"15":{"loc":{"start":{"line":234,"column":8},"end":{"line":234,"column":69}},"type":"binary-expr","locations":[{"start":{"line":234,"column":8},"end":{"line":234,"column":37}},{"start":{"line":234,"column":41},"end":{"line":234,"column":69}}]},"16":{"loc":{"start":{"line":253,"column":6},"end":{"line":255,"column":7}},"type":"if","locations":[{"start":{"line":253,"column":6},"end":{"line":255,"column":7}},{"start":{},"end":{}}]},"17":{"loc":{"start":{"line":262,"column":4},"end":{"line":272,"column":5}},"type":"switch","locations":[{"start":{"line":263,"column":6},"end":{"line":265,"column":14}},{"start":{"line":266,"column":6},"end":{"line":268,"column":14}},{"start":{"line":269,"column":6},"end":{"line":271,"column":14}}]},"18":{"loc":{"start":{"line":280,"column":4},"end":{"line":294,"column":5}},"type":"if","locations":[{"start":{"line":280,"column":4},"end":{"line":294,"column":5}},{"start":{},"end":{}}]},"19":{"loc":{"start":{"line":289,"column":6},"end":{"line":293,"column":7}},"type":"if","locations":[{"start":{"line":289,"column":6},"end":{"line":293,"column":7}},{"start":{},"end":{}}]},"20":{"loc":{"start":{"line":290,"column":22},"end":{"line":290,"column":50}},"type":"binary-expr","locations":[{"start":{"line":290,"column":22},"end":{"line":290,"column":45}},{"start":{"line":290,"column":49},"end":{"line":290,"column":50}}]},"21":{"loc":{"start":{"line":299,"column":4},"end":{"line":304,"column":5}},"type":"if","locations":[{"start":{"line":299,"column":4},"end":{"line":304,"column":5}},{"start":{},"end":{}}]},"22":{"loc":{"start":{"line":308,"column":4},"end":{"line":312,"column":5}},"type":"if","locations":[{"start":{"line":308,"column":4},"end":{"line":312,"column":5}},{"start":{},"end":{}}]},"23":{"loc":{"start":{"line":314,"column":19},"end":{"line":314,"column":47}},"type":"binary-expr","locations":[{"start":{"line":314,"column":19},"end":{"line":314,"column":42}},{"start":{"line":314,"column":46},"end":{"line":314,"column":47}}]},"24":{"loc":{"start":{"line":321,"column":4},"end":{"line":323,"column":5}},"type":"if","locations":[{"start":{"line":321,"column":4},"end":{"line":323,"column":5}},{"start":{},"end":{}}]},"25":{"loc":{"start":{"line":321,"column":8},"end":{"line":321,"column":86}},"type":"binary-expr","locations":[{"start":{"line":321,"column":8},"end":{"line":321,"column":39}},{"start":{"line":321,"column":43},"end":{"line":321,"column":86}}]},"26":{"loc":{"start":{"line":325,"column":4},"end":{"line":330,"column":5}},"type":"if","locations":[{"start":{"line":325,"column":4},"end":{"line":330,"column":5}},{"start":{},"end":{}}]},"27":{"loc":{"start":{"line":344,"column":4},"end":{"line":357,"column":5}},"type":"if","locations":[{"start":{"line":344,"column":4},"end":{"line":357,"column":5}},{"start":{"line":352,"column":11},"end":{"line":357,"column":5}}]},"28":{"loc":{"start":{"line":348,"column":6},"end":{"line":351,"column":7}},"type":"if","locations":[{"start":{"line":348,"column":6},"end":{"line":351,"column":7}},{"start":{},"end":{}}]},"29":{"loc":{"start":{"line":348,"column":10},"end":{"line":348,"column":87}},"type":"binary-expr","locations":[{"start":{"line":348,"column":10},"end":{"line":348,"column":56}},{"start":{"line":348,"column":60},"end":{"line":348,"column":87}}]},"30":{"loc":{"start":{"line":354,"column":20},"end":{"line":354,"column":48}},"type":"binary-expr","locations":[{"start":{"line":354,"column":20},"end":{"line":354,"column":43}},{"start":{"line":354,"column":47},"end":{"line":354,"column":48}}]},"31":{"loc":{"start":{"line":368,"column":4},"end":{"line":370,"column":5}},"type":"if","locations":[{"start":{"line":368,"column":4},"end":{"line":370,"column":5}},{"start":{},"end":{}}]}},"s":{"0":0,"1":0,"2":0,"3":0,"4":0,"5":0,"6":0,"7":0,"8":0,"9":0,"10":0,"11":0,"12":0,"13":0,"14":0,"15":0,"16":0,"17":0,"18":0,"19":0,"20":0,"21":0,"22":0,"23":0,"24":0,"25":0,"26":0,"27":0,"28":0,"29":0,"30":0,"31":0,"32":0,"33":0,"34":0,"35":0,"36":0,"37":0,"38":0,"39":0,"40":0,"41":0,"42":0,"43":0,"44":0,"45":0,"46":0,"47":0,"48":0,"49":0,"50":0,"51":0,"52":0,"53":0,"54":0,"55":0,"56":0,"57":1,"58":0,"59":0,"60":0,"61":0,"62":0,"63":0,"64":0,"65":0,"66":1,"67":0,"68":0,"69":0,"70":0,"71":0,"72":0,"73":0,"74":1,"75":0,"76":0,"77":0,"78":0,"79":0,"80":0,"81":0,"82":1,"83":0,"84":0,"85":0,"86":0,"87":0,"88":0,"89":0,"90":1,"91":0,"92":0,"93":0,"94":0,"95":0,"96":0,"97":0,"98":0,"99":0,"100":0,"101":0,"102":0,"103":0,"104":0,"105":0,"106":0,"107":0,"108":0,"109":0,"110":0,"111":0,"112":0,"113":0,"114":0,"115":0,"116":0,"117":0,"118":0,"119":0,"120":0,"121":0,"122":0,"123":0,"124":0,"125":0,"126":0,"127":0,"128":0,"129":0,"130":0,"131":0,"132":0,"133":0,"134":0,"135":0,"136":0,"137":0,"138":0,"139":0,"140":0,"141":0,"142":0,"143":0,"144":0,"145":0,"146":0,"147":0,"148":0,"149":0,"150":0,"151":0,"152":0},"f":{"0":0,"1":0,"2":0,"3":0,"4":0,"5":0,"6":0,"7":0,"8":0,"9":0,"10":0,"11":0,"12":0,"13":0,"14":0,"15":0,"16":0,"17":0,"18":0,"19":0,"20":0,"21":0,"22":0,"23":0,"24":0,"25":0,"26":0,"27":0,"28":0,"29":0,"30":0,"31":0,"32":0,"33":0,"34":0,"35":0},"b":{"0":[0,0],"1":[0,0],"2":[0,0],"3":[0,0],"4":[0,0],"5":[0,0],"6":[0,0],"7":[0,0],"8":[0,0],"9":[0,0,0,0,0],"10":[0,0],"11":[0,0],"12":[0,0],"13":[0,0],"14":[0,0],"15":[0,0],"16":[0,0],"17":[0,0,0],"18":[0,0],"19":[0,0],"20":[0,0],"21":[0,0],"22":[0,0],"23":[0,0],"24":[0,0],"25":[0,0],"26":[0,0],"27":[0,0],"28":[0,0],"29":[0,0],"30":[0,0],"31":[0,0]}}
,"C:\\Users\\Adam\\Desktop\\GameBoilerplate\\packages\\shared\\src\\engine\\SceneManager.ts": {"path":"C:\\Users\\Adam\\Desktop\\GameBoilerplate\\packages\\shared\\src\\engine\\SceneManager.ts","statementMap":{"0":{"start":{"line":10,"column":9},"end":{"line":10,"column":43}},"1":{"start":{"line":11,"column":9},"end":{"line":11,"column":48}},"2":{"start":{"line":14,"column":10},"end":{"line":14,"column":43}},"3":{"start":{"line":17,"column":4},"end":{"line":17,"column":25}},"4":{"start":{"line":21,"column":4},"end":{"line":23,"column":5}},"5":{"start":{"line":22,"column":6},"end":{"line":22,"column":72}},"6":{"start":{"line":25,"column":4},"end":{"line":25,"column":37}},"7":{"start":{"line":26,"column":4},"end":{"line":26,"column":63}},"8":{"start":{"line":27,"column":4},"end":{"line":27,"column":43}},"9":{"start":{"line":31,"column":18},"end":{"line":31,"column":37}},"10":{"start":{"line":32,"column":4},"end":{"line":35,"column":5}},"11":{"start":{"line":33,"column":6},"end":{"line":33,"column":47}},"12":{"start":{"line":34,"column":6},"end":{"line":34,"column":13}},"13":{"start":{"line":38,"column":4},"end":{"line":41,"column":5}},"14":{"start":{"line":39,"column":6},"end":{"line":39,"column":59}},"15":{"start":{"line":40,"column":6},"end":{"line":40,"column":13}},"16":{"start":{"line":43,"column":4},"end":{"line":43,"column":27}},"17":{"start":{"line":44,"column":4},"end":{"line":44,"column":60}},"18":{"start":{"line":45,"column":4},"end":{"line":45,"column":64}},"19":{"start":{"line":49,"column":4},"end":{"line":51,"column":5}},"20":{"start":{"line":50,"column":6},"end":{"line":50,"column":62}},"21":{"start":{"line":53,"column":18},"end":{"line":53,"column":37}},"22":{"start":{"line":54,"column":4},"end":{"line":56,"column":5}},"23":{"start":{"line":55,"column":6},"end":{"line":55,"column":47}},"24":{"start":{"line":58,"column":4},"end":{"line":58,"column":59}},"25":{"start":{"line":59,"column":4},"end":{"line":59,"column":32}},"26":{"start":{"line":61,"column":4},"end":{"line":103,"column":5}},"27":{"start":{"line":63,"column":6},"end":{"line":65,"column":7}},"28":{"start":{"line":64,"column":8},"end":{"line":64,"column":40}},"29":{"start":{"line":68,"column":6},"end":{"line":68,"column":32}},"30":{"start":{"line":71,"column":6},"end":{"line":78,"column":7}},"31":{"start":{"line":72,"column":23},"end":{"line":72,"column":56}},"32":{"start":{"line":73,"column":8},"end":{"line":77,"column":9}},"33":{"start":{"line":74,"column":10},"end":{"line":74,"column":32}},"34":{"start":{"line":76,"column":10},"end":{"line":76,"column":84}},"35":{"start":{"line":81,"column":6},"end":{"line":88,"column":7}},"36":{"start":{"line":82,"column":23},"end":{"line":82,"column":54}},"37":{"start":{"line":83,"column":8},"end":{"line":87,"column":9}},"38":{"start":{"line":84,"column":10},"end":{"line":84,"column":47}},"39":{"start":{"line":86,"column":10},"end":{"line":86,"column":82}},"40":{"start":{"line":91,"column":6},"end":{"line":91,"column":68}},"41":{"start":{"line":94,"column":6},"end":{"line":96,"column":7}},"42":{"start":{"line":95,"column":8},"end":{"line":95,"column":38}},"43":{"start":{"line":98,"column":6},"end":{"line":98,"column":46}},"44":{"start":{"line":99,"column":6},"end":{"line":99,"column":51}},"45":{"start":{"line":102,"column":6},"end":{"line":102,"column":35}},"46":{"start":{"line":107,"column":4},"end":{"line":110,"column":5}},"47":{"start":{"line":108,"column":6},"end":{"line":108,"column":52}},"48":{"start":{"line":109,"column":6},"end":{"line":109,"column":13}},"49":{"start":{"line":112,"column":18},"end":{"line":112,"column":35}},"50":{"start":{"line":113,"column":4},"end":{"line":113,"column":67}},"51":{"start":{"line":115,"column":4},"end":{"line":145,"column":5}},"52":{"start":{"line":117,"column":6},"end":{"line":119,"column":7}},"53":{"start":{"line":118,"column":8},"end":{"line":118,"column":40}},"54":{"start":{"line":122,"column":6},"end":{"line":127,"column":7}},"55":{"start":{"line":123,"column":23},"end":{"line":123,"column":54}},"56":{"start":{"line":124,"column":8},"end":{"line":126,"column":9}},"57":{"start":{"line":125,"column":10},"end":{"line":125,"column":43}},"58":{"start":{"line":130,"column":6},"end":{"line":135,"column":7}},"59":{"start":{"line":131,"column":23},"end":{"line":131,"column":56}},"60":{"start":{"line":132,"column":8},"end":{"line":134,"column":9}},"61":{"start":{"line":133,"column":10},"end":{"line":133,"column":33}},"62":{"start":{"line":137,"column":6},"end":{"line":137,"column":48}},"63":{"start":{"line":138,"column":6},"end":{"line":138,"column":53}},"64":{"start":{"line":141,"column":6},"end":{"line":141,"column":69}},"65":{"start":{"line":142,"column":6},"end":{"line":142,"column":18}},"66":{"start":{"line":144,"column":6},"end":{"line":144,"column":31}},"67":{"start":{"line":149,"column":4},"end":{"line":149,"column":31}},"68":{"start":{"line":153,"column":4},"end":{"line":153,"column":29}},"69":{"start":{"line":157,"column":4},"end":{"line":157,"column":40}},"70":{"start":{"line":161,"column":4},"end":{"line":161,"column":44}},"71":{"start":{"line":9,"column":0},"end":{"line":9,"column":13}},"72":{"start":{"line":168,"column":4},"end":{"line":180,"column":6}},"73":{"start":{"line":184,"column":24},"end":{"line":184,"column":57}},"74":{"start":{"line":186,"column":20},"end":{"line":186,"column":36}},"75":{"start":{"line":188,"column":4},"end":{"line":198,"column":5}},"76":{"start":{"line":190,"column":8},"end":{"line":190,"column":56}},"77":{"start":{"line":191,"column":8},"end":{"line":191,"column":14}},"78":{"start":{"line":193,"column":8},"end":{"line":193,"column":74}},"79":{"start":{"line":194,"column":8},"end":{"line":194,"column":14}},"80":{"start":{"line":196,"column":8},"end":{"line":196,"column":72}},"81":{"start":{"line":197,"column":8},"end":{"line":197,"column":14}},"82":{"start":{"line":200,"column":4},"end":{"line":214,"column":6}},"83":{"start":{"line":218,"column":4},"end":{"line":236,"column":6}},"84":{"start":{"line":230,"column":8},"end":{"line":230,"column":48}},"85":{"start":{"line":234,"column":8},"end":{"line":234,"column":49}},"86":{"start":{"line":240,"column":4},"end":{"line":253,"column":6}},"87":{"start":{"line":259,"column":19},"end":{"line":259,"column":70}},"88":{"start":{"line":260,"column":4},"end":{"line":260,"column":30}},"89":{"start":{"line":261,"column":4},"end":{"line":271,"column":6}},"90":{"start":{"line":272,"column":4},"end":{"line":272,"column":29}},"91":{"start":{"line":275,"column":18},"end":{"line":275,"column":68}},"92":{"start":{"line":276,"column":4},"end":{"line":276,"column":28}},"93":{"start":{"line":277,"column":4},"end":{"line":287,"column":6}},"94":{"start":{"line":288,"column":4},"end":{"line":288,"column":28}},"95":{"start":{"line":291,"column":17},"end":{"line":291,"column":69}},"96":{"start":{"line":292,"column":4},"end":{"line":292,"column":26}},"97":{"start":{"line":293,"column":4},"end":{"line":297,"column":6}},"98":{"start":{"line":298,"column":4},"end":{"line":298,"column":27}},"99":{"start":{"line":300,"column":4},"end":{"line":300,"column":43}},"100":{"start":{"line":304,"column":4},"end":{"line":304,"column":39}},"101":{"start":{"line":305,"column":4},"end":{"line":305,"column":38}},"102":{"start":{"line":306,"column":4},"end":{"line":306,"column":37}},"103":{"start":{"line":307,"column":4},"end":{"line":307,"column":47}},"104":{"start":{"line":166,"column":0},"end":{"line":166,"column":13}},"105":{"start":{"line":319,"column":4},"end":{"line":319,"column":85}},"106":{"start":{"line":322,"column":4},"end":{"line":324,"column":5}},"107":{"start":{"line":323,"column":6},"end":{"line":323,"column":70}},"108":{"start":{"line":323,"column":35},"end":{"line":323,"column":68}},"109":{"start":{"line":327,"column":4},"end":{"line":327,"column":44}},"110":{"start":{"line":330,"column":4},"end":{"line":330,"column":68}},"111":{"start":{"line":330,"column":33},"end":{"line":330,"column":66}},"112":{"start":{"line":339,"column":4},"end":{"line":339,"column":83}},"113":{"start":{"line":342,"column":4},"end":{"line":342,"column":44}},"114":{"start":{"line":349,"column":4},"end":{"line":349,"column":56}},"115":{"start":{"line":350,"column":4},"end":{"line":350,"column":44}},"116":{"start":{"line":312,"column":0},"end":{"line":312,"column":13}}},"fnMap":{"0":{"name":"(anonymous_0)","decl":{"start":{"line":16,"column":2},"end":{"line":16,"column":14}},"loc":{"start":{"line":16,"column":33},"end":{"line":18,"column":3}}},"1":{"name":"(anonymous_1)","decl":{"start":{"line":20,"column":2},"end":{"line":20,"column":10}},"loc":{"start":{"line":20,"column":23},"end":{"line":28,"column":3}}},"2":{"name":"(anonymous_2)","decl":{"start":{"line":30,"column":2},"end":{"line":30,"column":13}},"loc":{"start":{"line":30,"column":24},"end":{"line":46,"column":3}}},"3":{"name":"(anonymous_3)","decl":{"start":{"line":48,"column":2},"end":{"line":48,"column":7}},"loc":{"start":{"line":48,"column":28},"end":{"line":104,"column":3}}},"4":{"name":"(anonymous_4)","decl":{"start":{"line":106,"column":2},"end":{"line":106,"column":7}},"loc":{"start":{"line":106,"column":26},"end":{"line":146,"column":3}}},"5":{"name":"(anonymous_5)","decl":{"start":{"line":148,"column":2},"end":{"line":148,"column":10}},"loc":{"start":{"line":148,"column":21},"end":{"line":150,"column":3}}},"6":{"name":"(anonymous_6)","decl":{"start":{"line":152,"column":2},"end":{"line":152,"column":17}},"loc":{"start":{"line":152,"column":17},"end":{"line":154,"column":3}}},"7":{"name":"(anonymous_7)","decl":{"start":{"line":156,"column":2},"end":{"line":156,"column":15}},"loc":{"start":{"line":156,"column":26},"end":{"line":158,"column":3}}},"8":{"name":"(anonymous_8)","decl":{"start":{"line":160,"column":2},"end":{"line":160,"column":14}},"loc":{"start":{"line":160,"column":14},"end":{"line":162,"column":3}}},"9":{"name":"(anonymous_9)","decl":{"start":{"line":167,"column":2},"end":{"line":167,"column":8}},"loc":{"start":{"line":167,"column":49},"end":{"line":181,"column":3}}},"10":{"name":"(anonymous_10)","decl":{"start":{"line":183,"column":2},"end":{"line":183,"column":8}},"loc":{"start":{"line":183,"column":104},"end":{"line":215,"column":3}}},"11":{"name":"(anonymous_11)","decl":{"start":{"line":217,"column":2},"end":{"line":217,"column":8}},"loc":{"start":{"line":217,"column":50},"end":{"line":237,"column":3}}},"12":{"name":"(anonymous_12)","decl":{"start":{"line":228,"column":12},"end":{"line":228,"column":17}},"loc":{"start":{"line":228,"column":29},"end":{"line":231,"column":7}}},"13":{"name":"(anonymous_13)","decl":{"start":{"line":232,"column":14},"end":{"line":232,"column":19}},"loc":{"start":{"line":232,"column":31},"end":{"line":235,"column":7}}},"14":{"name":"(anonymous_14)","decl":{"start":{"line":239,"column":2},"end":{"line":239,"column":8}},"loc":{"start":{"line":239,"column":46},"end":{"line":254,"column":3}}},"15":{"name":"(anonymous_15)","decl":{"start":{"line":257,"column":10},"end":{"line":257,"column":16}},"loc":{"start":{"line":257,"column":55},"end":{"line":301,"column":3}}},"16":{"name":"(anonymous_16)","decl":{"start":{"line":303,"column":10},"end":{"line":303,"column":16}},"loc":{"start":{"line":303,"column":56},"end":{"line":308,"column":3}}},"17":{"name":"(anonymous_17)","decl":{"start":{"line":313,"column":2},"end":{"line":313,"column":8}},"loc":{"start":{"line":317,"column":27},"end":{"line":331,"column":3}}},"18":{"name":"(anonymous_18)","decl":{"start":{"line":323,"column":24},"end":{"line":323,"column":31}},"loc":{"start":{"line":323,"column":35},"end":{"line":323,"column":68}}},"19":{"name":"(anonymous_19)","decl":{"start":{"line":330,"column":22},"end":{"line":330,"column":29}},"loc":{"start":{"line":330,"column":33},"end":{"line":330,"column":66}}},"20":{"name":"(anonymous_20)","decl":{"start":{"line":333,"column":2},"end":{"line":333,"column":8}},"loc":{"start":{"line":337,"column":57},"end":{"line":343,"column":3}}},"21":{"name":"(anonymous_21)","decl":{"start":{"line":345,"column":2},"end":{"line":345,"column":8}},"loc":{"start":{"line":347,"column":21},"end":{"line":351,"column":3}}}},"branchMap":{"0":{"loc":{"start":{"line":21,"column":4},"end":{"line":23,"column":5}},"type":"if","locations":[{"start":{"line":21,"column":4},"end":{"line":23,"column":5}},{"start":{},"end":{}}]},"1":{"loc":{"start":{"line":32,"column":4},"end":{"line":35,"column":5}},"type":"if","locations":[{"start":{"line":32,"column":4},"end":{"line":35,"column":5}},{"start":{},"end":{}}]},"2":{"loc":{"start":{"line":38,"column":4},"end":{"line":41,"column":5}},"type":"if","locations":[{"start":{"line":38,"column":4},"end":{"line":41,"column":5}},{"start":{},"end":{}}]},"3":{"loc":{"start":{"line":49,"column":4},"end":{"line":51,"column":5}},"type":"if","locations":[{"start":{"line":49,"column":4},"end":{"line":51,"column":5}},{"start":{},"end":{}}]},"4":{"loc":{"start":{"line":54,"column":4},"end":{"line":56,"column":5}},"type":"if","locations":[{"start":{"line":54,"column":4},"end":{"line":56,"column":5}},{"start":{},"end":{}}]},"5":{"loc":{"start":{"line":63,"column":6},"end":{"line":65,"column":7}},"type":"if","locations":[{"start":{"line":63,"column":6},"end":{"line":65,"column":7}},{"start":{},"end":{}}]},"6":{"loc":{"start":{"line":73,"column":8},"end":{"line":77,"column":9}},"type":"if","locations":[{"start":{"line":73,"column":8},"end":{"line":77,"column":9}},{"start":{"line":75,"column":15},"end":{"line":77,"column":9}}]},"7":{"loc":{"start":{"line":83,"column":8},"end":{"line":87,"column":9}},"type":"if","locations":[{"start":{"line":83,"column":8},"end":{"line":87,"column":9}},{"start":{"line":85,"column":15},"end":{"line":87,"column":9}}]},"8":{"loc":{"start":{"line":94,"column":6},"end":{"line":96,"column":7}},"type":"if","locations":[{"start":{"line":94,"column":6},"end":{"line":96,"column":7}},{"start":{},"end":{}}]},"9":{"loc":{"start":{"line":107,"column":4},"end":{"line":110,"column":5}},"type":"if","locations":[{"start":{"line":107,"column":4},"end":{"line":110,"column":5}},{"start":{},"end":{}}]},"10":{"loc":{"start":{"line":117,"column":6},"end":{"line":119,"column":7}},"type":"if","locations":[{"start":{"line":117,"column":6},"end":{"line":119,"column":7}},{"start":{},"end":{}}]},"11":{"loc":{"start":{"line":124,"column":8},"end":{"line":126,"column":9}},"type":"if","locations":[{"start":{"line":124,"column":8},"end":{"line":126,"column":9}},{"start":{},"end":{}}]},"12":{"loc":{"start":{"line":124,"column":12},"end":{"line":124,"column":60}},"type":"binary-expr","locations":[{"start":{"line":124,"column":12},"end":{"line":124,"column":18}},{"start":{"line":124,"column":22},"end":{"line":124,"column":60}}]},"13":{"loc":{"start":{"line":132,"column":8},"end":{"line":134,"column":9}},"type":"if","locations":[{"start":{"line":132,"column":8},"end":{"line":134,"column":9}},{"start":{},"end":{}}]},"14":{"loc":{"start":{"line":167,"column":25},"end":{"line":167,"column":49}},"type":"default-arg","locations":[{"start":{"line":167,"column":38},"end":{"line":167,"column":49}}]},"15":{"loc":{"start":{"line":183,"column":29},"end":{"line":183,"column":52}},"type":"default-arg","locations":[{"start":{"line":183,"column":42},"end":{"line":183,"column":52}}]},"16":{"loc":{"start":{"line":183,"column":54},"end":{"line":183,"column":104}},"type":"default-arg","locations":[{"start":{"line":183,"column":99},"end":{"line":183,"column":104}}]},"17":{"loc":{"start":{"line":188,"column":4},"end":{"line":198,"column":5}},"type":"switch","locations":[{"start":{"line":189,"column":6},"end":{"line":191,"column":14}},{"start":{"line":192,"column":6},"end":{"line":194,"column":14}},{"start":{"line":195,"column":6},"end":{"line":197,"column":14}}]},"18":{"loc":{"start":{"line":217,"column":25},"end":{"line":217,"column":50}},"type":"default-arg","locations":[{"start":{"line":217,"column":38},"end":{"line":217,"column":50}}]},"19":{"loc":{"start":{"line":239,"column":26},"end":{"line":239,"column":46}},"type":"default-arg","locations":[{"start":{"line":239,"column":39},"end":{"line":239,"column":46}}]},"20":{"loc":{"start":{"line":317,"column":4},"end":{"line":317,"column":27}},"type":"default-arg","locations":[{"start":{"line":317,"column":23},"end":{"line":317,"column":27}}]},"21":{"loc":{"start":{"line":322,"column":4},"end":{"line":324,"column":5}},"type":"if","locations":[{"start":{"line":322,"column":4},"end":{"line":324,"column":5}},{"start":{},"end":{}}]},"22":{"loc":{"start":{"line":337,"column":4},"end":{"line":337,"column":57}},"type":"default-arg","locations":[{"start":{"line":337,"column":50},"end":{"line":337,"column":57}}]}},"s":{"0":0,"1":0,"2":0,"3":0,"4":0,"5":0,"6":0,"7":0,"8":0,"9":0,"10":0,"11":0,"12":0,"13":0,"14":0,"15":0,"16":0,"17":0,"18":0,"19":0,"20":0,"21":0,"22":0,"23":0,"24":0,"25":0,"26":0,"27":0,"28":0,"29":0,"30":0,"31":0,"32":0,"33":0,"34":0,"35":0,"36":0,"37":0,"38":0,"39":0,"40":0,"41":0,"42":0,"43":0,"44":0,"45":0,"46":0,"47":0,"48":0,"49":0,"50":0,"51":0,"52":0,"53":0,"54":0,"55":0,"56":0,"57":0,"58":0,"59":0,"60":0,"61":0,"62":0,"63":0,"64":0,"65":0,"66":0,"67":0,"68":0,"69":0,"70":0,"71":1,"72":0,"73":0,"74":0,"75":0,"76":0,"77":0,"78":0,"79":0,"80":0,"81":0,"82":0,"83":0,"84":0,"85":0,"86":0,"87":0,"88":0,"89":0,"90":0,"91":0,"92":0,"93":0,"94":0,"95":0,"96":0,"97":0,"98":0,"99":0,"100":0,"101":0,"102":0,"103":0,"104":1,"105":0,"106":0,"107":0,"108":0,"109":0,"110":0,"111":0,"112":0,"113":0,"114":0,"115":0,"116":1},"f":{"0":0,"1":0,"2":0,"3":0,"4":0,"5":0,"6":0,"7":0,"8":0,"9":0,"10":0,"11":0,"12":0,"13":0,"14":0,"15":0,"16":0,"17":0,"18":0,"19":0,"20":0,"21":0},"b":{"0":[0,0],"1":[0,0],"2":[0,0],"3":[0,0],"4":[0,0],"5":[0,0],"6":[0,0],"7":[0,0],"8":[0,0],"9":[0,0],"10":[0,0],"11":[0,0],"12":[0,0],"13":[0,0],"14":[0],"15":[0],"16":[0],"17":[0,0,0],"18":[0],"19":[0],"20":[0],"21":[0,0],"22":[0]}}
[...]
,"C:\\Users\\Adam\\Desktop\\GameBoilerplate\\packages\\shared\\src\\engine\\index.ts": {"path":"C:\\Users\\Adam\\Desktop\\GameBoilerplate\\packages\\shared\\src\\engine\\index.ts","statementMap":{"0":{"start":{"line":1,"column":0},"end":{"line":1,"column":29}},"1":{"start":{"line":2,"column":0},"end":{"line":2,"column":31}},"2":{"start":{"line":3,"column":0},"end":{"line":3,"column":32}},"3":{"start":{"line":4,"column":0},"end":{"line":4,"column":31}},"4":{"start":{"line":5,"column":0},"end":{"line":5,"column":31}},"5":{"start":{"line":6,"column":0},"end":{"line":6,"column":24}},"6":{"start":{"line":9,"column":0},"end":{"line":9,"column":9}},"7":{"start":{"line":9,"column":9},"end":{"line":9,"column":56}}},"fnMap":{"0":{"name":"(anonymous_4)","decl":{"start":{"line":9,"column":9},"end":{"line":9,"column":22}},"loc":{"start":{"line":9,"column":9},"end":{"line":9,"column":56}}}},"branchMap":{},"s":{"0":1,"1":1,"2":1,"3":1,"4":1,"5":1,"6":1,"7":1},"f":{"0":0},"b":{}}
,"C:\\Users\\Adam\\Desktop\\GameBoilerplate\\packages\\shared\\src\\engine\\plugins\\FarmingPlugin.ts": {"path":"C:\\Users\\Adam\\Desktop\\GameBoilerplate\\packages\\shared\\src\\engine\\plugins\\FarmingPlugin.ts","statementMap":{"0":{"start":{"line":10,"column":0},"end":{"line":10,"column":24}},"1":{"start":{"line":14,"column":2},"end":{"line":14,"column":25}},"2":{"start":{"line":15,"column":2},"end":{"line":15,"column":20}},"3":{"start":{"line":16,"column":2},"end":{"line":16,"column":37}},"4":{"start":{"line":19,"column":4},"end":{"line":19,"column":51}},"5":{"start":{"line":22,"column":26},"end":{"line":22,"column":45}},"6":{"start":{"line":23,"column":4},"end":{"line":23,"column":36}},"7":{"start":{"line":26,"column":4},"end":{"line":26,"column":40}},"8":{"start":{"line":28,"column":4},"end":{"line":28,"column":61}},"9":{"start":{"line":32,"column":4},"end":{"line":32,"column":41}},"10":{"start":{"line":34,"column":4},"end":{"line":34,"column":49}},"11":{"start":{"line":38,"column":25},"end":{"line":38,"column":64}},"12":{"start":{"line":39,"column":4},"end":{"line":39,"column":30}},"13":{"start":{"line":39,"column":23},"end":{"line":39,"column":30}},"14":{"start":{"line":42,"column":4},"end":{"line":54,"column":7}},"15":{"start":{"line":57,"column":4},"end":{"line":64,"column":7}},"16":{"start":{"line":67,"column":4},"end":{"line":74,"column":7}},"17":{"start":{"line":78,"column":19},"end":{"line":78,"column":59}},"18":{"start":{"line":79,"column":4},"end":{"line":81,"column":5}},"19":{"start":{"line":80,"column":6},"end":{"line":80,"column":61}},"20":{"start":{"line":84,"column":22},"end":{"line":84,"column":55}},"21":{"start":{"line":85,"column":21},"end":{"line":85,"column":89}},"22":{"start":{"line":85,"column":51},"end":{"line":85,"column":88}},"23":{"start":{"line":87,"column":4},"end":{"line":92,"column":5}},"24":{"start":{"line":88,"column":6},"end":{"line":91,"column":8}},"25":{"start":{"line":95,"column":26},"end":{"line":95,"column":82}},"26":{"start":{"line":96,"column":4},"end":{"line":101,"column":5}},"27":{"start":{"line":97,"column":6},"end":{"line":100,"column":8}},"28":{"start":{"line":104,"column":4},"end":{"line":104,"column":53}},"29":{"start":{"line":105,"column":4},"end":{"line":108,"column":5}},"30":{"start":{"line":106,"column":20},"end":{"line":106,"column":47}},"31":{"start":{"line":107,"column":6},"end":{"line":107,"column":33}},"32":{"start":{"line":111,"column":17},"end":{"line":111,"column":67}},"33":{"start":{"line":112,"column":4},"end":{"line":120,"column":6}},"34":{"start":{"line":122,"column":4},"end":{"line":122,"column":35}},"35":{"start":{"line":124,"column":4},"end":{"line":137,"column":6}},"36":{"start":{"line":141,"column":17},"end":{"line":141,"column":54}},"37":{"start":{"line":142,"column":4},"end":{"line":144,"column":5}},"38":{"start":{"line":143,"column":6},"end":{"line":143,"column":59}},"39":{"start":{"line":146,"column":4},"end":{"line":151,"column":5}},"40":{"start":{"line":147,"column":6},"end":{"line":150,"column":8}},"41":{"start":{"line":154,"column":19},"end":{"line":154,"column":59}},"42":{"start":{"line":155,"column":4},"end":{"line":157,"column":5}},"43":{"start":{"line":156,"column":6},"end":{"line":156,"column":61}},"44":{"start":{"line":159,"column":21},"end":{"line":159,"column":75}},"45":{"start":{"line":160,"column":4},"end":{"line":165,"column":5}},"46":{"start":{"line":161,"column":6},"end":{"line":164,"column":8}},"47":{"start":{"line":168,"column":22},"end":{"line":168,"column":55}},"48":{"start":{"line":169,"column":26},"end":{"line":174,"column":6}},"49":{"start":{"line":176,"column":4},"end":{"line":176,"column":34}},"50":{"start":{"line":179,"column":4},"end":{"line":179,"column":45}},"51":{"start":{"line":181,"column":4},"end":{"line":197,"column":6}},"52":{"start":{"line":201,"column":18},"end":{"line":201,"column":56}},"53":{"start":{"line":202,"column":4},"end":{"line":204,"column":5}},"54":{"start":{"line":203,"column":6},"end":{"line":203,"column":60}},"55":{"start":{"line":207,"column":19},"end":{"line":207,"column":59}},"56":{"start":{"line":208,"column":4},"end":{"line":210,"column":5}},"57":{"start":{"line":209,"column":6},"end":{"line":209,"column":61}},"58":{"start":{"line":212,"column":21},"end":{"line":212,"column":76}},"59":{"start":{"line":213,"column":4},"end":{"line":218,"column":5}},"60":{"start":{"line":214,"column":6},"end":{"line":217,"column":8}},"61":{"start":{"line":221,"column":4},"end":{"line":221,"column":82}},"62":{"start":{"line":223,"column":4},"end":{"line":238,"column":6}},"63":{"start":{"line":242,"column":15},"end":{"line":242,"column":30}},"64":{"start":{"line":243,"column":15},"end":{"line":243,"column":30}},"65":{"start":{"line":244,"column":15},"end":{"line":244,"column":30}},"66":{"start":{"line":245,"column":4},"end":{"line":245,"column":50}},"67":{"start":{"line":13,"column":0},"end":{"line":13,"column":13}},"68":{"start":{"line":251,"column":2},"end":{"line":251,"column":25}},"69":{"start":{"line":252,"column":2},"end":{"line":252,"column":16}},"70":{"start":{"line":253,"column":2},"end":{"line":253,"column":17}},"71":{"start":{"line":255,"column":10},"end":{"line":255,"column":48}},"72":{"start":{"line":256,"column":10},"end":{"line":256,"column":33}},"73":{"start":{"line":260,"column":4},"end":{"line":260,"column":35}},"74":{"start":{"line":261,"column":4},"end":{"line":261,"column":35}},"75":{"start":{"line":262,"column":4},"end":{"line":262,"column":35}},"76":{"start":{"line":263,"column":4},"end":{"line":263,"column":35}},"77":{"start":{"line":264,"column":4},"end":{"line":264,"column":35}},"78":{"start":{"line":265,"column":4},"end":{"line":265,"column":35}},"79":{"start":{"line":267,"column":4},"end":{"line":267,"column":95}},"80":{"start":{"line":271,"column":24},"end":{"line":271,"column":34}},"81":{"start":{"line":274,"column":4},"end":{"line":278,"column":5}},"82":{"start":{"line":275,"column":6},"end":{"line":277,"column":7}},"83":{"start":{"line":276,"column":8},"end":{"line":276,"column":56}},"84":{"start":{"line":282,"column":29},"end":{"line":282,"column":68}},"85":{"start":{"line":283,"column":32},"end":{"line":283,"column":95}},"86":{"start":{"line":286,"column":4},"end":{"line":293,"column":5}},"87":{"start":{"line":287,"column":6},"end":{"line":287,"column":56}},"88":{"start":{"line":290,"column":6},"end":{"line":292,"column":7}},"89":{"start":{"line":291,"column":8},"end":{"line":291,"column":45}},"90":{"start":{"line":296,"column":30},"end":{"line":296,"column":31}},"91":{"start":{"line":297,"column":4},"end":{"line":299,"column":6}},"92":{"start":{"line":302,"column":4},"end":{"line":306,"column":5}},"93":{"start":{"line":303,"column":6},"end":{"line":303,"column":43}},"94":{"start":{"line":305,"column":6},"end":{"line":305,"column":43}},"95":{"start":{"line":309,"column":4},"end":{"line":315,"column":5}},"96":{"start":{"line":310,"column":14},"end":{"line":310,"column":48}},"97":{"start":{"line":310,"column":49},"end":{"line":310,"column":55}},"98":{"start":{"line":311,"column":14},"end":{"line":311,"column":48}},"99":{"start":{"line":311,"column":49},"end":{"line":311,"column":55}},"100":{"start":{"line":312,"column":14},"end":{"line":312,"column":48}},"101":{"start":{"line":312,"column":49},"end":{"line":312,"column":55}},"102":{"start":{"line":313,"column":14},"end":{"line":313,"column":48}},"103":{"start":{"line":313,"column":49},"end":{"line":313,"column":55}},"104":{"start":{"line":314,"column":14},"end":{"line":314,"column":48}},"105":{"start":{"line":314,"column":49},"end":{"line":314,"column":55}},"106":{"start":{"line":318,"column":18},"end":{"line":318,"column":59}},"107":{"start":{"line":319,"column":4},"end":{"line":319,"column":50}},"108":{"start":{"line":323,"column":16},"end":{"line":323,"column":95}},"109":{"start":{"line":324,"column":4},"end":{"line":324,"column":38}},"110":{"start":{"line":328,"column":16},"end":{"line":328,"column":95}},"111":{"start":{"line":329,"column":4},"end":{"line":329,"column":31}},"112":{"start":{"line":333,"column":16},"end":{"line":333,"column":95}},"113":{"start":{"line":334,"column":4},"end":{"line":334,"column":34}},"114":{"start":{"line":338,"column":4},"end":{"line":338,"column":41}},"115":{"start":{"line":343,"column":9},"end":{"line":343,"column":22}}},"fnMap":{"0":{"name":"(anonymous_0)","decl":{"start":{"line":13,"column":0},"end":{"line":13,"column":13}},"loc":{"start":{"line":13,"column":0},"end":{"line":247,"column":1}}},"1":{"name":"(anonymous_1)","decl":{"start":{"line":18,"column":2},"end":{"line":18,"column":7}},"loc":{"start":{"line":18,"column":35},"end":{"line":29,"column":3}}},"2":{"name":"(anonymous_2)","decl":{"start":{"line":31,"column":2},"end":{"line":31,"column":7}},"loc":{"start":{"line":31,"column":37},"end":{"line":35,"column":3}}},"3":{"name":"(anonymous_3)","decl":{"start":{"line":37,"column":10},"end":{"line":37,"column":32}},"loc":{"start":{"line":37,"column":52},"end":{"line":75,"column":3}}},"4":{"name":"(anonymous_4)","decl":{"start":{"line":77,"column":10},"end":{"line":77,"column":15}},"loc":{"start":{"line":77,"column":65},"end":{"line":138,"column":3}}},"5":{"name":"(anonymous_5)","decl":{"start":{"line":85,"column":36},"end":{"line":85,"column":37}},"loc":{"start":{"line":85,"column":51},"end":{"line":85,"column":88}}},"6":{"name":"(anonymous_6)","decl":{"start":{"line":140,"column":10},"end":{"line":140,"column":15}},"loc":{"start":{"line":140,"column":67},"end":{"line":198,"column":3}}},"7":{"name":"(anonymous_7)","decl":{"start":{"line":200,"column":10},"end":{"line":200,"column":15}},"loc":{"start":{"line":200,"column":66},"end":{"line":239,"column":3}}},"8":{"name":"(anonymous_8)","decl":{"start":{"line":241,"column":10},"end":{"line":241,"column":27}},"loc":{"start":{"line":241,"column":48},"end":{"line":246,"column":3}}},"9":{"name":"(anonymous_9)","decl":{"start":{"line":250,"column":0},"end":{"line":250,"column":6}},"loc":{"start":{"line":250,"column":0},"end":{"line":340,"column":1}}},"10":{"name":"(anonymous_10)","decl":{"start":{"line":258,"column":2},"end":{"line":258,"column":7}},"loc":{"start":{"line":258,"column":32},"end":{"line":268,"column":3}}},"11":{"name":"(anonymous_11)","decl":{"start":{"line":270,"column":2},"end":{"line":270,"column":7}},"loc":{"start":{"line":270,"column":54},"end":{"line":279,"column":3}}},"12":{"name":"(anonymous_12)","decl":{"start":{"line":281,"column":10},"end":{"line":281,"column":20}},"loc":{"start":{"line":281,"column":70},"end":{"line":320,"column":3}}},"13":{"name":"(anonymous_13)","decl":{"start":{"line":322,"column":2},"end":{"line":322,"column":20}},"loc":{"start":{"line":322,"column":34},"end":{"line":325,"column":3}}},"14":{"name":"(anonymous_14)","decl":{"start":{"line":327,"column":2},"end":{"line":327,"column":16}},"loc":{"start":{"line":327,"column":30},"end":{"line":330,"column":3}}},"15":{"name":"(anonymous_15)","decl":{"start":{"line":332,"column":2},"end":{"line":332,"column":19}},"loc":{"start":{"line":332,"column":33},"end":{"line":335,"column":3}}},"16":{"name":"(anonymous_16)","decl":{"start":{"line":337,"column":2},"end":{"line":337,"column":17}},"loc":{"start":{"line":337,"column":17},"end":{"line":339,"column":3}}}},"branchMap":{"0":{"loc":{"start":{"line":39,"column":4},"end":{"line":39,"column":30}},"type":"if","locations":[{"start":{"line":39,"column":4},"end":{"line":39,"column":30}},{"start":{},"end":{}}]},"1":{"loc":{"start":{"line":79,"column":4},"end":{"line":81,"column":5}},"type":"if","locations":[{"start":{"line":79,"column":4},"end":{"line":81,"column":5}},{"start":{},"end":{}}]},"2":{"loc":{"start":{"line":84,"column":22},"end":{"line":84,"column":55}},"type":"binary-expr","locations":[{"start":{"line":84,"column":22},"end":{"line":84,"column":49}},{"start":{"line":84,"column":53},"end":{"line":84,"column":55}}]},"3":{"loc":{"start":{"line":87,"column":4},"end":{"line":92,"column":5}},"type":"if","locations":[{"start":{"line":87,"column":4},"end":{"line":92,"column":5}},{"start":{},"end":{}}]},"4":{"loc":{"start":{"line":96,"column":4},"end":{"line":101,"column":5}},"type":"if","locations":[{"start":{"line":96,"column":4},"end":{"line":101,"column":5}},{"start":{},"end":{}}]},"5":{"loc":{"start":{"line":104,"column":25},"end":{"line":104,"column":47}},"type":"binary-expr","locations":[{"start":{"line":104,"column":25},"end":{"line":104,"column":42}},{"start":{"line":104,"column":46},"end":{"line":104,"column":47}}]},"6":{"loc":{"start":{"line":105,"column":4},"end":{"line":108,"column":5}},"type":"if","locations":[{"start":{"line":105,"column":4},"end":{"line":108,"column":5}},{"start":{},"end":{}}]},"7":{"loc":{"start":{"line":142,"column":4},"end":{"line":144,"column":5}},"type":"if","locations":[{"start":{"line":142,"column":4},"end":{"line":144,"column":5}},{"start":{},"end":{}}]},"8":{"loc":{"start":{"line":142,"column":8},"end":{"line":142,"column":37}},"type":"binary-expr","locations":[{"start":{"line":142,"column":8},"end":{"line":142,"column":13}},{"start":{"line":142,"column":17},"end":{"line":142,"column":37}}]},"9":{"loc":{"start":{"line":146,"column":4},"end":{"line":151,"column":5}},"type":"if","locations":[{"start":{"line":146,"column":4},"end":{"line":151,"column":5}},{"start":{},"end":{}}]},"10":{"loc":{"start":{"line":155,"column":4},"end":{"line":157,"column":5}},"type":"if","locations":[{"start":{"line":155,"column":4},"end":{"line":157,"column":5}},{"start":{},"end":{}}]},"11":{"loc":{"start":{"line":160,"column":4},"end":{"line":165,"column":5}},"type":"if","locations":[{"start":{"line":160,"column":4},"end":{"line":165,"column":5}},{"start":{},"end":{}}]},"12":{"loc":{"start":{"line":168,"column":22},"end":{"line":168,"column":55}},"type":"binary-expr","locations":[{"start":{"line":168,"column":22},"end":{"line":168,"column":49}},{"start":{"line":168,"column":53},"end":{"line":168,"column":55}}]},"13":{"loc":{"start":{"line":202,"column":4},"end":{"line":204,"column":5}},"type":"if","locations":[{"start":{"line":202,"column":4},"end":{"line":204,"column":5}},{"start":{},"end":{}}]},"14":{"loc":{"start":{"line":202,"column":8},"end":{"line":202,"column":39}},"type":"binary-expr","locations":[{"start":{"line":202,"column":8},"end":{"line":202,"column":14}},{"start":{"line":202,"column":18},"end":{"line":202,"column":39}}]},"15":{"loc":{"start":{"line":208,"column":4},"end":{"line":210,"column":5}},"type":"if","locations":[{"start":{"line":208,"column":4},"end":{"line":210,"column":5}},{"start":{},"end":{}}]},"16":{"loc":{"start":{"line":213,"column":4},"end":{"line":218,"column":5}},"type":"if","locations":[{"start":{"line":213,"column":4},"end":{"line":218,"column":5}},{"start":{},"end":{}}]},"17":{"loc":{"start":{"line":275,"column":6},"end":{"line":277,"column":7}},"type":"if","locations":[{"start":{"line":275,"column":6},"end":{"line":277,"column":7}},{"start":{},"end":{}}]},"18":{"loc":{"start":{"line":286,"column":4},"end":{"line":293,"column":5}},"type":"if","locations":[{"start":{"line":286,"column":4},"end":{"line":293,"column":5}},{"start":{},"end":{}}]},"19":{"loc":{"start":{"line":290,"column":6},"end":{"line":292,"column":7}},"type":"if","locations":[{"start":{"line":290,"column":6},"end":{"line":292,"column":7}},{"start":{},"end":{}}]},"20":{"loc":{"start":{"line":302,"column":4},"end":{"line":306,"column":5}},"type":"if","locations":[{"start":{"line":302,"column":4},"end":{"line":306,"column":5}},{"start":{"line":304,"column":11},"end":{"line":306,"column":5}}]},"21":{"loc":{"start":{"line":309,"column":4},"end":{"line":315,"column":5}},"type":"switch","locations":[{"start":{"line":310,"column":6},"end":{"line":310,"column":55}},{"start":{"line":311,"column":6},"end":{"line":311,"column":55}},{"start":{"line":312,"column":6},"end":{"line":312,"column":55}},{"start":{"line":313,"column":6},"end":{"line":313,"column":55}},{"start":{"line":314,"column":6},"end":{"line":314,"column":55}}]}},"s":{"0":1,"1":0,"2":0,"3":0,"4":0,"5":0,"6":0,"7":0,"8":0,"9":0,"10":0,"11":0,"12":0,"13":0,"14":0,"15":0,"16":0,"17":0,"18":0,"19":0,"20":0,"21":0,"22":0,"23":0,"24":0,"25":0,"26":0,"27":0,"28":0,"29":0,"30":0,"31":0,"32":0,"33":0,"34":0,"35":0,"36":0,"37":0,"38":0,"39":0,"40":0,"41":0,"42":0,"43":0,"44":0,"45":0,"46":0,"47":0,"48":0,"49":0,"50":0,"51":0,"52":0,"53":0,"54":0,"55":0,"56":0,"57":0,"58":0,"59":0,"60":0,"61":0,"62":0,"63":0,"64":0,"65":0,"66":0,"67":1,"68":0,"69":0,"70":0,"71":0,"72":0,"73":0,"74":0,"75":0,"76":0,"77":0,"78":0,"79":0,"80":0,"81":0,"82":0,"83":0,"84":0,"85":0,"86":0,"87":0,"88":0,"89":0,"90":0,"91":0,"92":0,"93":0,"94":0,"95":0,"96":0,"97":0,"98":0,"99":0,"100":0,"101":0,"102":0,"103":0,"104":0,"105":0,"106":0,"107":0,"108":0,"109":0,"110":0,"111":0,"112":0,"113":0,"114":0,"115":1},"f":{"0":0,"1":0,"2":0,"3":0,"4":0,"5":0,"6":0,"7":0,"8":0,"9":0,"10":0,"11":0,"12":0,"13":0,"14":0,"15":0,"16":0},"b":{"0":[0,0],"1":[0,0],"2":[0,0],"3":[0,0],"4":[0,0],"5":[0,0],"6":[0,0],"7":[0,0],"8":[0,0],"9":[0,0],"10":[0,0],"11":[0,0],"12":[0,0],"13":[0,0],"14":[0,0],"15":[0,0],"16":[0,0],"17":[0,0],"18":[0,0],"19":[0,0],"20":[0,0],"21":[0,0,0,0,0]}}
}
