TN:
SF:src\index.ts
FN:4,(anonymous_4)
FNF:1
FNH:1
FNDA:1,(anonymous_4)
DA:1,1
DA:4,2
DA:7,1
DA:17,1
DA:20,1
DA:32,1
DA:41,1
DA:51,1
DA:62,1
LF:9
LH:9
BRF:0
BRH:0
end_of_record
TN:
SF:src\engine\ActionSystem.ts
FN:19,(anonymous_0)
FN:23,(anonymous_1)
FN:47,(anonymous_2)
FN:58,(anonymous_3)
FN:152,(anonymous_4)
FN:154,(anonymous_5)
FN:157,(anonymous_6)
FN:162,(anonymous_7)
FN:170,(anonymous_8)
FN:180,(anonymous_9)
FN:184,(anonymous_10)
FN:188,(anonymous_11)
FN:201,(anonymous_12)
FN:205,(anonymous_13)
FNF:14
FNH:9
FNDA:20,(anonymous_0)
FNDA:27,(anonymous_1)
FNDA:2,(anonymous_2)
FNDA:10,(anonymous_3)
FNDA:1,(anonymous_4)
FNDA:4,(anonymous_5)
FNDA:2,(anonymous_6)
FNDA:6,(anonymous_7)
FNDA:5,(anonymous_8)
FNDA:0,(anonymous_9)
FNDA:0,(anonymous_10)
FNDA:0,(anonymous_11)
FNDA:0,(anonymous_12)
FNDA:0,(anonymous_13)
DA:1,2
DA:11,2
DA:12,20
DA:13,20
DA:14,20
DA:15,20
DA:17,20
DA:20,20
DA:24,27
DA:25,1
DA:29,27
DA:30,1
DA:33,26
DA:34,1
DA:37,25
DA:43,25
DA:44,25
DA:48,2
DA:49,1
DA:50,1
DA:53,1
DA:54,1
DA:55,1
DA:59,10
DA:61,10
DA:62,1
DA:68,9
DA:70,9
DA:71,9
DA:72,1
DA:79,8
DA:82,8
DA:83,6
DA:84,6
DA:85,6
DA:87,6
DA:88,1
DA:96,7
DA:97,0
DA:98,0
DA:99,0
DA:107,7
DA:108,5
DA:112,7
DA:115,6
DA:116,0
DA:120,6
DA:121,0
DA:122,0
DA:127,6
DA:134,6
DA:137,1
DA:139,1
DA:145,1
DA:153,1
DA:154,4
DA:158,2
DA:163,6
DA:164,6
DA:165,4
DA:167,2
DA:171,5
DA:172,5
DA:173,4
DA:174,4
DA:176,5
DA:181,0
DA:185,0
DA:189,0
DA:190,0
DA:191,0
DA:194,0
DA:195,0
DA:197,0
DA:202,0
DA:205,0
DA:206,0
DA:207,0
DA:208,0
DA:211,0
DA:212,0
DA:213,0
DA:216,0
DA:217,0
DA:221,0
DA:226,2
LF:86
LH:61
BRDA:24,0,0,1
BRDA:24,0,1,26
BRDA:29,1,0,1
BRDA:29,1,1,26
BRDA:33,2,0,1
BRDA:33,2,1,25
BRDA:48,3,0,1
BRDA:48,3,1,1
BRDA:61,4,0,1
BRDA:61,4,1,9
BRDA:71,5,0,1
BRDA:71,5,1,8
BRDA:82,6,0,6
BRDA:82,6,1,2
BRDA:82,7,0,8
BRDA:82,7,1,6
BRDA:87,8,0,1
BRDA:87,8,1,5
BRDA:96,9,0,0
BRDA:96,9,1,7
BRDA:98,10,0,0
BRDA:98,10,1,0
BRDA:107,11,0,5
BRDA:107,11,1,2
BRDA:107,12,0,7
BRDA:107,12,1,5
BRDA:115,13,0,0
BRDA:115,13,1,6
BRDA:120,14,0,0
BRDA:120,14,1,6
BRDA:142,15,0,1
BRDA:142,15,1,0
BRDA:154,16,0,4
BRDA:154,16,1,0
BRDA:154,17,0,4
BRDA:154,17,1,0
BRDA:164,18,0,4
BRDA:164,18,1,2
BRDA:167,19,0,2
BRDA:167,19,1,0
BRDA:172,20,0,4
BRDA:172,20,1,1
BRDA:185,21,0,0
BRDA:185,21,1,0
BRDA:190,22,0,0
BRDA:190,22,1,0
BRDA:190,23,0,0
BRDA:190,23,1,0
BRDA:208,24,0,0
BRDA:208,24,1,0
BRDA:208,25,0,0
BRDA:208,25,1,0
BRDA:216,26,0,0
BRDA:216,26,1,0
BRDA:216,27,0,0
BRDA:216,27,1,0
BRF:56
BRH:33
end_of_record
TN:
SF:src\engine\GameEngine.ts
FN:21,(anonymous_0)
FN:48,(anonymous_1)
FN:53,(anonymous_2)
FN:63,(anonymous_3)
FN:71,(anonymous_4)
FN:86,(anonymous_5)
FN:108,(anonymous_6)
FN:116,(anonymous_7)
FN:117,(anonymous_8)
FN:134,(anonymous_9)
FN:144,(anonymous_10)
FN:152,(anonymous_11)
FN:162,(anonymous_12)
FN:167,(anonymous_13)
FN:180,(anonymous_14)
FN:191,(anonymous_15)
FN:195,(anonymous_16)
FN:197,(anonymous_17)
FN:201,(anonymous_18)
FN:213,(anonymous_19)
FN:224,(anonymous_20)
FN:228,(anonymous_21)
FN:235,(anonymous_22)
FN:262,(anonymous_23)
FN:289,(anonymous_24)
FN:266,(anonymous_25)
FN:277,(anonymous_26)
FN:285,(anonymous_27)
FNF:28
FNH:20
FNDA:43,(anonymous_0)
FNDA:38,(anonymous_1)
FNDA:0,(anonymous_2)
FNDA:7,(anonymous_3)
FNDA:5,(anonymous_4)
FNDA:5,(anonymous_5)
FNDA:7,(anonymous_6)
FNDA:0,(anonymous_7)
FNDA:0,(anonymous_8)
FNDA:7,(anonymous_9)
FNDA:2,(anonymous_10)
FNDA:0,(anonymous_11)
FNDA:5,(anonymous_12)
FNDA:11,(anonymous_13)
FNDA:3,(anonymous_14)
FNDA:5,(anonymous_15)
FNDA:3,(anonymous_16)
FNDA:9,(anonymous_17)
FNDA:107,(anonymous_18)
FNDA:0,(anonymous_19)
FNDA:0,(anonymous_20)
FNDA:0,(anonymous_21)
FNDA:0,(anonymous_22)
FNDA:43,(anonymous_23)
FNDA:6,(anonymous_24)
FNDA:4,(anonymous_25)
FNDA:4,(anonymous_26)
FNDA:38,(anonymous_27)
DA:1,3
DA:14,3
DA:16,43
DA:19,43
DA:22,43
DA:24,43
DA:36,43
DA:45,43
DA:49,38
DA:52,38
DA:53,0
DA:55,38
DA:56,0
DA:57,0
DA:58,0
DA:63,38
DA:64,7
DA:67,38
DA:68,38
DA:72,5
DA:73,1
DA:74,1
DA:77,4
DA:78,4
DA:79,4
DA:81,4
DA:82,4
DA:83,4
DA:87,5
DA:88,1
DA:89,1
DA:92,4
DA:93,4
DA:95,4
DA:98,4
DA:99,0
DA:100,0
DA:104,4
DA:105,4
DA:109,7
DA:111,7
DA:112,7
DA:115,7
DA:116,0
DA:117,0
DA:119,7
DA:120,0
DA:121,0
DA:122,0
DA:125,0
DA:126,0
DA:130,7
DA:135,7
DA:136,1
DA:139,7
DA:140,7
DA:141,7
DA:145,2
DA:146,2
DA:147,0
DA:148,0
DA:151,2
DA:152,1
DA:153,0
DA:157,2
DA:158,2
DA:159,2
DA:163,5
DA:168,11
DA:169,1
DA:172,10
DA:173,0
DA:176,10
DA:177,10
DA:181,3
DA:182,3
DA:183,1
DA:184,1
DA:187,2
DA:188,2
DA:192,5
DA:196,3
DA:197,9
DA:202,107
DA:209,107
DA:214,0
DA:225,0
DA:229,0
DA:230,0
DA:231,0
DA:236,0
DA:251,43
DA:252,43
DA:253,43
DA:255,43
DA:256,43
DA:257,43
DA:258,43
DA:259,43
DA:263,43
DA:267,4
DA:269,4
DA:270,4
DA:271,4
DA:272,4
DA:274,4
DA:278,4
DA:279,4
DA:280,4
DA:281,4
DA:286,38
DA:289,43
DA:290,6
DA:292,6
DA:293,6
DA:294,6
DA:295,6
DA:298,6
DA:299,6
DA:300,0
DA:301,0
DA:302,0
DA:306,6
DA:307,7
DA:308,7
DA:310,0
DA:315,6
LF:127
LH:100
BRDA:21,0,0,41
BRDA:56,1,0,0
BRDA:56,1,1,0
BRDA:72,2,0,1
BRDA:72,2,1,4
BRDA:87,3,0,1
BRDA:87,3,1,4
BRDA:99,4,0,0
BRDA:99,4,1,0
BRDA:109,5,0,0
BRDA:109,5,1,7
BRDA:121,6,0,0
BRDA:121,6,1,0
BRDA:135,7,0,1
BRDA:135,7,1,6
BRDA:146,8,0,0
BRDA:146,8,1,2
BRDA:151,9,0,1
BRDA:151,9,1,1
BRDA:168,10,0,1
BRDA:168,10,1,10
BRDA:172,11,0,0
BRDA:172,11,1,10
BRDA:182,12,0,1
BRDA:182,12,1,2
BRDA:213,13,0,0
BRDA:243,14,0,0
BRDA:243,14,1,0
BRDA:262,15,0,0
BRDA:290,16,0,0
BRDA:290,16,1,6
BRDA:299,17,0,0
BRDA:299,17,1,6
BRDA:267,18,0,0
BRDA:267,18,1,4
BRDA:279,19,0,4
BRDA:279,19,1,0
BRF:37
BRH:20
end_of_record
TN:
SF:src\engine\PluginSystem.ts
FN:14,(anonymous_9)
FN:18,(anonymous_10)
FN:59,(anonymous_11)
FN:89,(anonymous_12)
FN:93,(anonymous_13)
FN:97,(anonymous_14)
FN:101,(anonymous_15)
FN:114,(anonymous_16)
FN:116,(anonymous_17)
FN:130,(anonymous_18)
FN:151,(anonymous_19)
FN:155,(anonymous_20)
FN:159,(anonymous_21)
FN:166,(anonymous_22)
FN:175,(anonymous_23)
FN:179,(anonymous_24)
FN:186,(anonymous_25)
FN:192,(anonymous_26)
FN:196,(anonymous_27)
FN:203,(anonymous_28)
FN:209,(anonymous_29)
FN:213,(anonymous_30)
FN:220,(anonymous_31)
FN:227,(anonymous_32)
FN:232,(anonymous_33)
FN:239,(anonymous_34)
FN:245,(anonymous_35)
FN:250,(anonymous_36)
FN:259,(anonymous_37)
FN:275,(anonymous_38)
FN:278,(anonymous_39)
FN:297,(anonymous_40)
FN:319,(anonymous_41)
FN:361,(anonymous_42)
FN:366,(anonymous_43)
FN:373,(anonymous_44)
FNF:36
FNH:0
FNDA:0,(anonymous_9)
FNDA:0,(anonymous_10)
FNDA:0,(anonymous_11)
FNDA:0,(anonymous_12)
FNDA:0,(anonymous_13)
FNDA:0,(anonymous_14)
FNDA:0,(anonymous_15)
FNDA:0,(anonymous_16)
FNDA:0,(anonymous_17)
FNDA:0,(anonymous_18)
FNDA:0,(anonymous_19)
FNDA:0,(anonymous_20)
FNDA:0,(anonymous_21)
FNDA:0,(anonymous_22)
FNDA:0,(anonymous_23)
FNDA:0,(anonymous_24)
FNDA:0,(anonymous_25)
FNDA:0,(anonymous_26)
FNDA:0,(anonymous_27)
FNDA:0,(anonymous_28)
FNDA:0,(anonymous_29)
FNDA:0,(anonymous_30)
FNDA:0,(anonymous_31)
FNDA:0,(anonymous_32)
FNDA:0,(anonymous_33)
FNDA:0,(anonymous_34)
FNDA:0,(anonymous_35)
FNDA:0,(anonymous_36)
FNDA:0,(anonymous_37)
FNDA:0,(anonymous_38)
FNDA:0,(anonymous_39)
FNDA:0,(anonymous_40)
FNDA:0,(anonymous_41)
FNDA:0,(anonymous_42)
FNDA:0,(anonymous_43)
FNDA:0,(anonymous_44)
DA:9,1
DA:11,0
DA:12,0
DA:15,0
DA:19,0
DA:22,0
DA:23,0
DA:24,0
DA:25,0
DA:28,0
DA:29,0
DA:35,0
DA:36,0
DA:37,0
DA:40,0
DA:42,0
DA:44,0
DA:45,0
DA:47,0
DA:48,0
DA:51,0
DA:52,0
DA:54,0
DA:55,0
DA:60,0
DA:61,0
DA:62,0
DA:63,0
DA:66,0
DA:68,0
DA:70,0
DA:71,0
DA:72,0
DA:75,0
DA:77,0
DA:78,0
DA:80,0
DA:81,0
DA:84,0
DA:85,0
DA:90,0
DA:94,0
DA:98,0
DA:102,0
DA:104,0
DA:105,0
DA:106,0
DA:110,0
DA:115,0
DA:116,0
DA:117,0
DA:119,0
DA:120,0
DA:123,0
DA:125,0
DA:126,0
DA:131,0
DA:142,1
DA:152,0
DA:156,0
DA:160,0
DA:161,0
DA:162,0
DA:167,0
DA:168,0
DA:169,0
DA:175,1
DA:176,0
DA:177,0
DA:180,0
DA:181,0
DA:183,0
DA:187,0
DA:188,0
DA:192,1
DA:193,0
DA:194,0
DA:197,0
DA:198,0
DA:200,0
DA:204,0
DA:205,0
DA:209,1
DA:210,0
DA:211,0
DA:214,0
DA:215,0
DA:217,0
DA:221,0
DA:222,0
DA:228,0
DA:229,0
DA:230,0
DA:234,0
DA:235,0
DA:241,0
DA:246,0
DA:247,0
DA:248,0
DA:252,0
DA:253,0
DA:254,0
DA:260,0
DA:262,0
DA:264,0
DA:265,0
DA:267,0
DA:268,0
DA:270,0
DA:271,0
DA:277,0
DA:278,0
DA:280,0
DA:281,0
DA:282,0
DA:288,0
DA:289,0
DA:290,0
DA:291,0
DA:292,0
DA:299,0
DA:300,0
DA:306,0
DA:308,0
DA:309,0
DA:310,0
DA:311,0
DA:314,0
DA:315,0
DA:316,0
DA:321,0
DA:322,0
DA:325,0
DA:326,0
DA:332,0
DA:333,0
DA:334,0
DA:337,0
DA:342,0
DA:344,0
DA:346,0
DA:348,0
DA:349,0
DA:350,0
DA:354,0
DA:355,0
DA:356,0
DA:362,0
DA:363,0
DA:364,0
DA:368,0
DA:369,0
LF:152
LH:5
BRDA:22,0,0,0
BRDA:22,0,1,0
BRDA:24,1,0,0
BRDA:24,1,1,0
BRDA:28,2,0,0
BRDA:28,2,1,0
BRDA:35,3,0,0
BRDA:35,3,1,0
BRDA:61,4,0,0
BRDA:61,4,1,0
BRDA:71,5,0,0
BRDA:71,5,1,0
BRDA:105,6,0,0
BRDA:105,6,1,0
BRDA:117,7,0,0
BRDA:117,7,1,0
BRDA:119,8,0,0
BRDA:119,8,1,0
BRDA:132,9,0,0
BRDA:132,9,1,0
BRDA:132,9,2,0
BRDA:132,9,3,0
BRDA:132,9,4,0
BRDA:161,10,0,0
BRDA:161,10,1,0
BRDA:161,11,0,0
BRDA:161,11,1,0
BRDA:168,12,0,0
BRDA:168,12,1,0
BRDA:168,13,0,0
BRDA:168,13,1,0
BRDA:234,14,0,0
BRDA:234,14,1,0
BRDA:234,15,0,0
BRDA:234,15,1,0
BRDA:253,16,0,0
BRDA:253,16,1,0
BRDA:262,17,0,0
BRDA:262,17,1,0
BRDA:262,17,2,0
BRDA:280,18,0,0
BRDA:280,18,1,0
BRDA:289,19,0,0
BRDA:289,19,1,0
BRDA:290,20,0,0
BRDA:290,20,1,0
BRDA:299,21,0,0
BRDA:299,21,1,0
BRDA:308,22,0,0
BRDA:308,22,1,0
BRDA:314,23,0,0
BRDA:314,23,1,0
BRDA:321,24,0,0
BRDA:321,24,1,0
BRDA:321,25,0,0
BRDA:321,25,1,0
BRDA:325,26,0,0
BRDA:325,26,1,0
BRDA:344,27,0,0
BRDA:344,27,1,0
BRDA:348,28,0,0
BRDA:348,28,1,0
BRDA:348,29,0,0
BRDA:348,29,1,0
BRDA:354,30,0,0
BRDA:354,30,1,0
BRDA:368,31,0,0
BRDA:368,31,1,0
BRF:68
BRH:0
end_of_record
TN:
SF:src\engine\SceneManager.ts
FN:16,(anonymous_0)
FN:20,(anonymous_1)
FN:30,(anonymous_2)
FN:48,(anonymous_3)
FN:106,(anonymous_4)
FN:148,(anonymous_5)
FN:152,(anonymous_6)
FN:156,(anonymous_7)
FN:160,(anonymous_8)
FN:167,(anonymous_9)
FN:183,(anonymous_10)
FN:217,(anonymous_11)
FN:228,(anonymous_12)
FN:232,(anonymous_13)
FN:239,(anonymous_14)
FN:257,(anonymous_15)
FN:303,(anonymous_16)
FN:313,(anonymous_17)
FN:323,(anonymous_18)
FN:330,(anonymous_19)
FN:333,(anonymous_20)
FN:345,(anonymous_21)
FNF:22
FNH:0
FNDA:0,(anonymous_0)
FNDA:0,(anonymous_1)
FNDA:0,(anonymous_2)
FNDA:0,(anonymous_3)
FNDA:0,(anonymous_4)
FNDA:0,(anonymous_5)
FNDA:0,(anonymous_6)
FNDA:0,(anonymous_7)
FNDA:0,(anonymous_8)
FNDA:0,(anonymous_9)
FNDA:0,(anonymous_10)
FNDA:0,(anonymous_11)
FNDA:0,(anonymous_12)
FNDA:0,(anonymous_13)
FNDA:0,(anonymous_14)
FNDA:0,(anonymous_15)
FNDA:0,(anonymous_16)
FNDA:0,(anonymous_17)
FNDA:0,(anonymous_18)
FNDA:0,(anonymous_19)
FNDA:0,(anonymous_20)
FNDA:0,(anonymous_21)
DA:9,1
DA:10,0
DA:11,0
DA:14,0
DA:17,0
DA:21,0
DA:22,0
DA:25,0
DA:26,0
DA:27,0
DA:31,0
DA:32,0
DA:33,0
DA:34,0
DA:38,0
DA:39,0
DA:40,0
DA:43,0
DA:44,0
DA:45,0
DA:49,0
DA:50,0
DA:53,0
DA:54,0
DA:55,0
DA:58,0
DA:59,0
DA:61,0
DA:63,0
DA:64,0
DA:68,0
DA:71,0
DA:72,0
DA:73,0
DA:74,0
DA:76,0
DA:81,0
DA:82,0
DA:83,0
DA:84,0
DA:86,0
DA:91,0
DA:94,0
DA:95,0
DA:98,0
DA:99,0
DA:102,0
DA:107,0
DA:108,0
DA:109,0
DA:112,0
DA:113,0
DA:115,0
DA:117,0
DA:118,0
DA:122,0
DA:123,0
DA:124,0
DA:125,0
DA:130,0
DA:131,0
DA:132,0
DA:133,0
DA:137,0
DA:138,0
DA:141,0
DA:142,0
DA:144,0
DA:149,0
DA:153,0
DA:157,0
DA:161,0
DA:166,1
DA:168,0
DA:184,0
DA:186,0
DA:188,0
DA:190,0
DA:191,0
DA:193,0
DA:194,0
DA:196,0
DA:197,0
DA:200,0
DA:218,0
DA:230,0
DA:234,0
DA:240,0
DA:259,0
DA:260,0
DA:261,0
DA:272,0
DA:275,0
DA:276,0
DA:277,0
DA:288,0
DA:291,0
DA:292,0
DA:293,0
DA:298,0
DA:300,0
DA:304,0
DA:305,0
DA:306,0
DA:307,0
DA:312,1
DA:319,0
DA:322,0
DA:323,0
DA:327,0
DA:330,0
DA:339,0
DA:342,0
DA:349,0
DA:350,0
LF:115
LH:3
BRDA:21,0,0,0
BRDA:21,0,1,0
BRDA:32,1,0,0
BRDA:32,1,1,0
BRDA:38,2,0,0
BRDA:38,2,1,0
BRDA:49,3,0,0
BRDA:49,3,1,0
BRDA:54,4,0,0
BRDA:54,4,1,0
BRDA:63,5,0,0
BRDA:63,5,1,0
BRDA:73,6,0,0
BRDA:73,6,1,0
BRDA:83,7,0,0
BRDA:83,7,1,0
BRDA:94,8,0,0
BRDA:94,8,1,0
BRDA:107,9,0,0
BRDA:107,9,1,0
BRDA:117,10,0,0
BRDA:117,10,1,0
BRDA:124,11,0,0
BRDA:124,11,1,0
BRDA:124,12,0,0
BRDA:124,12,1,0
BRDA:132,13,0,0
BRDA:132,13,1,0
BRDA:167,14,0,0
BRDA:183,15,0,0
BRDA:183,16,0,0
BRDA:188,17,0,0
BRDA:188,17,1,0
BRDA:188,17,2,0
BRDA:217,18,0,0
BRDA:239,19,0,0
BRDA:317,20,0,0
BRDA:322,21,0,0
BRDA:322,21,1,0
BRDA:337,22,0,0
BRF:40
BRH:0
end_of_record
TN:
SF:src\engine\SystemManager.ts
FN:15,(anonymous_0)
FN:20,(anonymous_1)
FN:24,(anonymous_2)
FN:28,(anonymous_3)
FN:32,(anonymous_4)
FN:36,(anonymous_5)
FN:40,(anonymous_6)
FN:45,(anonymous_7)
FN:78,(anonymous_8)
FN:83,(anonymous_9)
FN:107,(anonymous_10)
FN:113,(anonymous_11)
FN:144,(anonymous_12)
FN:149,(anonymous_13)
FN:163,(anonymous_14)
FN:168,(anonymous_15)
FN:175,(anonymous_16)
FN:183,(anonymous_17)
FN:188,(anonymous_18)
FN:193,(anonymous_19)
FN:198,(anonymous_20)
FN:202,(anonymous_21)
FN:208,(anonymous_22)
FN:213,(anonymous_23)
FN:224,(anonymous_24)
FN:252,(anonymous_25)
FN:268,(anonymous_26)
FN:274,(anonymous_27)
FN:285,(anonymous_28)
FN:290,(anonymous_29)
FN:301,(anonymous_30)
FN:341,(anonymous_31)
FN:354,(anonymous_32)
FN:374,(anonymous_33)
FNF:34
FNH:0
FNDA:0,(anonymous_0)
FNDA:0,(anonymous_1)
FNDA:0,(anonymous_2)
FNDA:0,(anonymous_3)
FNDA:0,(anonymous_4)
FNDA:0,(anonymous_5)
FNDA:0,(anonymous_6)
FNDA:0,(anonymous_7)
FNDA:0,(anonymous_8)
FNDA:0,(anonymous_9)
FNDA:0,(anonymous_10)
FNDA:0,(anonymous_11)
FNDA:0,(anonymous_12)
FNDA:0,(anonymous_13)
FNDA:0,(anonymous_14)
FNDA:0,(anonymous_15)
FNDA:0,(anonymous_16)
FNDA:0,(anonymous_17)
FNDA:0,(anonymous_18)
FNDA:0,(anonymous_19)
FNDA:0,(anonymous_20)
FNDA:0,(anonymous_21)
FNDA:0,(anonymous_22)
FNDA:0,(anonymous_23)
FNDA:0,(anonymous_24)
FNDA:0,(anonymous_25)
FNDA:0,(anonymous_26)
FNDA:0,(anonymous_27)
FNDA:0,(anonymous_28)
FNDA:0,(anonymous_29)
FNDA:0,(anonymous_30)
FNDA:0,(anonymous_31)
FNDA:0,(anonymous_32)
FNDA:0,(anonymous_33)
DA:12,1
DA:16,0
DA:21,0
DA:25,0
DA:29,0
DA:33,0
DA:37,0
DA:41,0
DA:46,0
DA:48,0
DA:49,0
DA:50,0
DA:51,0
DA:54,0
DA:55,0
DA:56,0
DA:57,0
DA:58,0
DA:61,0
DA:62,0
DA:63,0
DA:64,0
DA:65,0
DA:68,0
DA:69,0
DA:73,0
DA:78,1
DA:79,0
DA:80,0
DA:81,0
DA:85,0
DA:86,0
DA:87,0
DA:90,0
DA:91,0
DA:92,0
DA:95,0
DA:96,0
DA:97,0
DA:98,0
DA:99,0
DA:107,1
DA:108,0
DA:109,0
DA:110,0
DA:111,0
DA:114,0
DA:115,0
DA:116,0
DA:119,0
DA:120,0
DA:124,0
DA:125,0
DA:126,0
DA:129,0
DA:130,0
DA:135,0
DA:136,0
DA:137,0
DA:144,1
DA:145,0
DA:146,0
DA:147,0
DA:154,0
DA:156,0
DA:159,0
DA:175,1
DA:176,0
DA:177,0
DA:178,0
DA:180,0
DA:181,0
DA:190,0
DA:195,0
DA:199,0
DA:203,0
DA:208,1
DA:209,0
DA:210,0
DA:211,0
DA:217,0
DA:218,0
DA:219,0
DA:225,0
DA:227,0
DA:229,0
DA:230,0
DA:233,0
DA:234,0
DA:235,0
DA:236,0
DA:242,0
DA:243,0
DA:244,0
DA:245,0
DA:253,0
DA:254,0
DA:257,0
DA:258,0
DA:260,0
DA:261,0
DA:264,0
DA:265,0
DA:269,0
DA:270,0
DA:273,0
DA:274,0
DA:276,0
DA:277,0
DA:280,0
DA:285,1
DA:286,0
DA:287,0
DA:288,0
DA:294,0
DA:295,0
DA:296,0
DA:302,0
DA:305,0
DA:306,0
DA:310,0
DA:311,0
DA:312,0
DA:314,0
DA:316,0
DA:317,0
DA:318,0
DA:322,0
DA:323,0
DA:324,0
DA:326,0
DA:333,0
DA:334,0
DA:342,0
DA:344,0
DA:347,0
DA:348,0
DA:355,0
DA:356,0
DA:359,0
DA:360,0
DA:363,0
DA:364,0
DA:368,0
DA:369,0
DA:371,0
DA:375,0
DA:376,0
DA:377,0
DA:378,0
LF:150
LH:7
BRDA:46,0,0,0
BRDA:46,0,1,0
BRDA:46,0,2,0
BRDA:46,0,3,0
BRDA:86,1,0,0
BRDA:86,1,1,0
BRDA:95,2,0,0
BRDA:95,2,1,0
BRDA:115,3,0,0
BRDA:115,3,1,0
BRDA:115,4,0,0
BRDA:115,4,1,0
BRDA:119,5,0,0
BRDA:119,5,1,0
BRDA:124,6,0,0
BRDA:124,6,1,0
BRDA:124,7,0,0
BRDA:124,7,1,0
BRDA:129,8,0,0
BRDA:129,8,1,0
BRDA:130,9,0,0
BRDA:130,9,1,0
BRDA:135,10,0,0
BRDA:135,10,1,0
BRDA:154,11,0,0
BRDA:154,11,1,0
BRDA:218,12,0,0
BRDA:218,12,1,0
BRDA:229,13,0,0
BRDA:229,13,1,0
BRDA:229,14,0,0
BRDA:229,14,1,0
BRDA:233,15,0,0
BRDA:233,15,1,0
BRDA:235,16,0,0
BRDA:235,16,1,0
BRDA:242,17,0,0
BRDA:242,17,1,0
BRDA:242,18,0,0
BRDA:242,18,1,0
BRDA:244,19,0,0
BRDA:244,19,1,0
BRDA:253,20,0,0
BRDA:253,20,1,0
BRDA:258,21,0,0
BRDA:258,21,1,0
BRDA:260,22,0,0
BRDA:260,22,1,0
BRDA:269,23,0,0
BRDA:269,23,1,0
BRDA:276,24,0,0
BRDA:276,24,1,0
BRDA:295,25,0,0
BRDA:295,25,1,0
BRDA:305,26,0,0
BRDA:305,26,1,0
BRDA:310,27,0,0
BRDA:310,27,1,0
BRDA:314,28,0,0
BRDA:314,28,1,0
BRDA:317,29,0,0
BRDA:317,29,1,0
BRDA:322,30,0,0
BRDA:322,30,1,0
BRDA:333,31,0,0
BRDA:333,31,1,0
BRDA:333,32,0,0
BRDA:333,32,1,0
BRDA:342,33,0,0
BRDA:342,33,1,0
BRDA:347,34,0,0
BRDA:347,34,1,0
BRDA:355,35,0,0
BRDA:355,35,1,0
BRDA:355,36,0,0
BRDA:355,36,1,0
BRDA:359,37,0,0
BRDA:359,37,1,0
BRDA:363,38,0,0
BRDA:363,38,1,0
BRDA:369,39,0,0
BRDA:369,39,1,0
BRF:82
BRH:0
end_of_record
TN:
SF:src\engine\index.ts
FN:9,(anonymous_4)
FNF:1
FNH:0
FNDA:0,(anonymous_4)
DA:1,1
DA:2,1
DA:3,1
DA:4,1
DA:5,1
DA:6,1
DA:9,1
LF:7
LH:7
BRF:0
BRH:0
end_of_record
TN:
SF:src\engine\plugins\FarmingPlugin.ts
FN:13,(anonymous_0)
FN:18,(anonymous_1)
FN:31,(anonymous_2)
FN:37,(anonymous_3)
FN:77,(anonymous_4)
FN:85,(anonymous_5)
FN:140,(anonymous_6)
FN:200,(anonymous_7)
FN:241,(anonymous_8)
FN:250,(anonymous_9)
FN:258,(anonymous_10)
FN:270,(anonymous_11)
FN:281,(anonymous_12)
FN:322,(anonymous_13)
FN:327,(anonymous_14)
FN:332,(anonymous_15)
FN:337,(anonymous_16)
FNF:17
FNH:0
FNDA:0,(anonymous_0)
FNDA:0,(anonymous_1)
FNDA:0,(anonymous_2)
FNDA:0,(anonymous_3)
FNDA:0,(anonymous_4)
FNDA:0,(anonymous_5)
FNDA:0,(anonymous_6)
FNDA:0,(anonymous_7)
FNDA:0,(anonymous_8)
FNDA:0,(anonymous_9)
FNDA:0,(anonymous_10)
FNDA:0,(anonymous_11)
FNDA:0,(anonymous_12)
FNDA:0,(anonymous_13)
FNDA:0,(anonymous_14)
FNDA:0,(anonymous_15)
FNDA:0,(anonymous_16)
DA:10,1
DA:13,1
DA:14,0
DA:15,0
DA:16,0
DA:19,0
DA:22,0
DA:23,0
DA:26,0
DA:28,0
DA:32,0
DA:34,0
DA:38,0
DA:39,0
DA:42,0
DA:57,0
DA:67,0
DA:78,0
DA:79,0
DA:80,0
DA:84,0
DA:85,0
DA:87,0
DA:88,0
DA:95,0
DA:96,0
DA:97,0
DA:104,0
DA:105,0
DA:106,0
DA:107,0
DA:111,0
DA:112,0
DA:122,0
DA:124,0
DA:141,0
DA:142,0
DA:143,0
DA:146,0
DA:147,0
DA:154,0
DA:155,0
DA:156,0
DA:159,0
DA:160,0
DA:161,0
DA:168,0
DA:169,0
DA:176,0
DA:179,0
DA:181,0
DA:201,0
DA:202,0
DA:203,0
DA:207,0
DA:208,0
DA:209,0
DA:212,0
DA:213,0
DA:214,0
DA:221,0
DA:223,0
DA:242,0
DA:243,0
DA:244,0
DA:245,0
DA:251,0
DA:252,0
DA:253,0
DA:255,0
DA:256,0
DA:260,0
DA:261,0
DA:262,0
DA:263,0
DA:264,0
DA:265,0
DA:267,0
DA:271,0
DA:274,0
DA:275,0
DA:276,0
DA:282,0
DA:283,0
DA:286,0
DA:287,0
DA:290,0
DA:291,0
DA:296,0
DA:297,0
DA:302,0
DA:303,0
DA:305,0
DA:309,0
DA:310,0
DA:311,0
DA:312,0
DA:313,0
DA:314,0
DA:318,0
DA:319,0
DA:323,0
DA:324,0
DA:328,0
DA:329,0
DA:333,0
DA:334,0
DA:338,0
DA:343,1
LF:109
LH:3
BRDA:39,0,0,0
BRDA:39,0,1,0
BRDA:79,1,0,0
BRDA:79,1,1,0
BRDA:84,2,0,0
BRDA:84,2,1,0
BRDA:87,3,0,0
BRDA:87,3,1,0
BRDA:96,4,0,0
BRDA:96,4,1,0
BRDA:104,5,0,0
BRDA:104,5,1,0
BRDA:105,6,0,0
BRDA:105,6,1,0
BRDA:142,7,0,0
BRDA:142,7,1,0
BRDA:142,8,0,0
BRDA:142,8,1,0
BRDA:146,9,0,0
BRDA:146,9,1,0
BRDA:155,10,0,0
BRDA:155,10,1,0
BRDA:160,11,0,0
BRDA:160,11,1,0
BRDA:168,12,0,0
BRDA:168,12,1,0
BRDA:202,13,0,0
BRDA:202,13,1,0
BRDA:202,14,0,0
BRDA:202,14,1,0
BRDA:208,15,0,0
BRDA:208,15,1,0
BRDA:213,16,0,0
BRDA:213,16,1,0
BRDA:275,17,0,0
BRDA:275,17,1,0
BRDA:286,18,0,0
BRDA:286,18,1,0
BRDA:290,19,0,0
BRDA:290,19,1,0
BRDA:302,20,0,0
BRDA:302,20,1,0
BRDA:309,21,0,0
BRDA:309,21,1,0
BRDA:309,21,2,0
BRDA:309,21,3,0
BRDA:309,21,4,0
BRF:47
BRH:0
end_of_record
